2025-07-10 23:11:29.715 INFO  o.h.v.i.u.Version:21 - HV000001: Hibernate Validator 8.0.2.Final
2025-07-10 23:11:29.835 INFO  o.s.b.StartupInfoLogger:53 - Starting BackendApplication using Java 17.0.9 with PID 4580 (C:\Users\WT\Desktop\prep-mentor-ai\backend\build\classes\java\main started by WT in C:\Users\WT\Desktop\prep-mentor-ai\backend)
2025-07-10 23:11:29.836 INFO  o.s.b.SpringApplication:652 - No active profile set, falling back to 1 default profile: "default"
2025-07-10 23:11:31.083 INFO  o.s.d.r.c.RepositoryConfigurationDelegate:145 - Bootstrapping Spring Data JPA repositories in DEFAULT mode.
2025-07-10 23:11:31.169 INFO  o.s.d.r.c.RepositoryConfigurationDelegate:213 - Finished Spring Data repository scanning in 71 ms. Found 1 JPA repository interface.
2025-07-10 23:11:32.362 INFO  o.s.b.w.e.t.TomcatWebServer:111 - Tomcat initialized with port 8080 (http)
2025-07-10 23:11:32.382 INFO  o.a.j.l.DirectJDKLog:168 - Initializing ProtocolHandler ["http-nio-8080"]
2025-07-10 23:11:32.386 INFO  o.a.j.l.DirectJDKLog:168 - Starting service [Tomcat]
2025-07-10 23:11:32.387 INFO  o.a.j.l.DirectJDKLog:168 - Starting Servlet engine: [Apache Tomcat/10.1.42]
2025-07-10 23:11:32.478 INFO  o.a.j.l.DirectJDKLog:168 - Initializing Spring embedded WebApplicationContext
2025-07-10 23:11:32.480 INFO  o.s.b.w.s.c.ServletWebServerApplicationContext:301 - Root WebApplicationContext: initialization completed in 2573 ms
2025-07-10 23:11:32.890 INFO  o.h.j.i.u.LogHelper:31 - HHH000204: Processing PersistenceUnitInfo [name: default]
2025-07-10 23:11:33.045 INFO  o.h.Version:44 - HHH000412: Hibernate ORM core version 6.6.18.Final
2025-07-10 23:11:33.152 INFO  o.h.c.i.RegionFactoryInitiator:50 - HHH000026: Second-level cache disabled
2025-07-10 23:11:33.706 INFO  o.s.o.j.p.SpringPersistenceUnitInfo:87 - No LoadTimeWeaver setup: ignoring JPA class transformer
2025-07-10 23:11:33.784 INFO  c.z.h.HikariDataSource:109 - HikariPool-1 - Starting...
2025-07-10 23:11:35.063 WARN  o.h.e.j.s.SqlExceptionHelper:145 - SQL Error: 0, SQLState: 08001
2025-07-10 23:11:35.063 ERROR o.h.e.j.s.SqlExceptionHelper:150 - Public Key Retrieval is not allowed
2025-07-10 23:11:35.064 WARN  o.h.e.j.e.i.JdbcEnvironmentInitiator:405 - HHH000342: Could not obtain connection to query metadata
org.hibernate.exception.JDBCConnectionException: unable to obtain isolated JDBC connection [Public Key Retrieval is not allowed] [n/a]
	at org.hibernate.exception.internal.SQLStateConversionDelegate.convert(SQLStateConversionDelegate.java:100)
	at org.hibernate.exception.internal.StandardSQLExceptionConverter.convert(StandardSQLExceptionConverter.java:58)
	at org.hibernate.engine.jdbc.spi.SqlExceptionHelper.convert(SqlExceptionHelper.java:108)
	at org.hibernate.engine.jdbc.spi.SqlExceptionHelper.convert(SqlExceptionHelper.java:94)
	at org.hibernate.resource.transaction.backend.jdbc.internal.JdbcIsolationDelegate.delegateWork(JdbcIsolationDelegate.java:116)
	at org.hibernate.engine.jdbc.env.internal.JdbcEnvironmentInitiator.getJdbcEnvironmentUsingJdbcMetadata(JdbcEnvironmentInitiator.java:336)
	at org.hibernate.engine.jdbc.env.internal.JdbcEnvironmentInitiator.initiateService(JdbcEnvironmentInitiator.java:129)
	at org.hibernate.engine.jdbc.env.internal.JdbcEnvironmentInitiator.initiateService(JdbcEnvironmentInitiator.java:81)
	at org.hibernate.boot.registry.internal.StandardServiceRegistryImpl.initiateService(StandardServiceRegistryImpl.java:130)
	at org.hibernate.service.internal.AbstractServiceRegistryImpl.createService(AbstractServiceRegistryImpl.java:263)
	at org.hibernate.service.internal.AbstractServiceRegistryImpl.initializeService(AbstractServiceRegistryImpl.java:238)
	at org.hibernate.service.internal.AbstractServiceRegistryImpl.getService(AbstractServiceRegistryImpl.java:215)
	at org.hibernate.boot.model.relational.Database.<init>(Database.java:45)
	at org.hibernate.boot.internal.InFlightMetadataCollectorImpl.getDatabase(InFlightMetadataCollectorImpl.java:226)
	at org.hibernate.boot.internal.InFlightMetadataCollectorImpl.<init>(InFlightMetadataCollectorImpl.java:194)
	at org.hibernate.boot.model.process.spi.MetadataBuildingProcess.complete(MetadataBuildingProcess.java:171)
	at org.hibernate.jpa.boot.internal.EntityManagerFactoryBuilderImpl.metadata(EntityManagerFactoryBuilderImpl.java:1442)
	at org.hibernate.jpa.boot.internal.EntityManagerFactoryBuilderImpl.build(EntityManagerFactoryBuilderImpl.java:1513)
	at org.springframework.orm.jpa.vendor.SpringHibernateJpaPersistenceProvider.createContainerEntityManagerFactory(SpringHibernateJpaPersistenceProvider.java:66)
	at org.springframework.orm.jpa.LocalContainerEntityManagerFactoryBean.createNativeEntityManagerFactory(LocalContainerEntityManagerFactoryBean.java:390)
	at org.springframework.orm.jpa.AbstractEntityManagerFactoryBean.buildNativeEntityManagerFactory(AbstractEntityManagerFactoryBean.java:419)
	at org.springframework.orm.jpa.AbstractEntityManagerFactoryBean.afterPropertiesSet(AbstractEntityManagerFactoryBean.java:400)
	at org.springframework.orm.jpa.LocalContainerEntityManagerFactoryBean.afterPropertiesSet(LocalContainerEntityManagerFactoryBean.java:366)
	at org.springframework.beans.factory.support.AbstractAutowireCapableBeanFactory.invokeInitMethods(AbstractAutowireCapableBeanFactory.java:1873)
	at org.springframework.beans.factory.support.AbstractAutowireCapableBeanFactory.initializeBean(AbstractAutowireCapableBeanFactory.java:1822)
	at org.springframework.beans.factory.support.AbstractAutowireCapableBeanFactory.doCreateBean(AbstractAutowireCapableBeanFactory.java:607)
	at org.springframework.beans.factory.support.AbstractAutowireCapableBeanFactory.createBean(AbstractAutowireCapableBeanFactory.java:529)
	at org.springframework.beans.factory.support.AbstractBeanFactory.lambda$doGetBean$0(AbstractBeanFactory.java:339)
	at org.springframework.beans.factory.support.DefaultSingletonBeanRegistry.getSingleton(DefaultSingletonBeanRegistry.java:373)
	at org.springframework.beans.factory.support.AbstractBeanFactory.doGetBean(AbstractBeanFactory.java:337)
	at org.springframework.beans.factory.support.AbstractBeanFactory.getBean(AbstractBeanFactory.java:202)
	at org.springframework.beans.factory.support.BeanDefinitionValueResolver.resolveReference(BeanDefinitionValueResolver.java:365)
	at org.springframework.beans.factory.support.BeanDefinitionValueResolver.resolveValueIfNecessary(BeanDefinitionValueResolver.java:135)
	at org.springframework.beans.factory.support.ConstructorResolver.resolveConstructorArguments(ConstructorResolver.java:691)
	at org.springframework.beans.factory.support.ConstructorResolver.instantiateUsingFactoryMethod(ConstructorResolver.java:513)
	at org.springframework.beans.factory.support.AbstractAutowireCapableBeanFactory.instantiateUsingFactoryMethod(AbstractAutowireCapableBeanFactory.java:1375)
	at org.springframework.beans.factory.support.AbstractAutowireCapableBeanFactory.createBeanInstance(AbstractAutowireCapableBeanFactory.java:1205)
	at org.springframework.beans.factory.support.AbstractAutowireCapableBeanFactory.doCreateBean(AbstractAutowireCapableBeanFactory.java:569)
	at org.springframework.beans.factory.support.AbstractAutowireCapableBeanFactory.createBean(AbstractAutowireCapableBeanFactory.java:529)
	at org.springframework.beans.factory.support.AbstractBeanFactory.lambda$doGetBean$0(AbstractBeanFactory.java:339)
	at org.springframework.beans.factory.support.DefaultSingletonBeanRegistry.getSingleton(DefaultSingletonBeanRegistry.java:373)
	at org.springframework.beans.factory.support.AbstractBeanFactory.doGetBean(AbstractBeanFactory.java:337)
	at org.springframework.beans.factory.support.AbstractBeanFactory.getBean(AbstractBeanFactory.java:202)
	at org.springframework.beans.factory.support.BeanDefinitionValueResolver.resolveReference(BeanDefinitionValueResolver.java:365)
	at org.springframework.beans.factory.support.BeanDefinitionValueResolver.resolveValueIfNecessary(BeanDefinitionValueResolver.java:135)
	at org.springframework.beans.factory.support.AbstractAutowireCapableBeanFactory.applyPropertyValues(AbstractAutowireCapableBeanFactory.java:1725)
	at org.springframework.beans.factory.support.AbstractAutowireCapableBeanFactory.populateBean(AbstractAutowireCapableBeanFactory.java:1474)
	at org.springframework.beans.factory.support.AbstractAutowireCapableBeanFactory.doCreateBean(AbstractAutowireCapableBeanFactory.java:606)
	at org.springframework.beans.factory.support.AbstractAutowireCapableBeanFactory.createBean(AbstractAutowireCapableBeanFactory.java:529)
	at org.springframework.beans.factory.support.AbstractBeanFactory.lambda$doGetBean$0(AbstractBeanFactory.java:339)
	at org.springframework.beans.factory.support.DefaultSingletonBeanRegistry.getSingleton(DefaultSingletonBeanRegistry.java:373)
	at org.springframework.beans.factory.support.AbstractBeanFactory.doGetBean(AbstractBeanFactory.java:337)
	at org.springframework.beans.factory.support.AbstractBeanFactory.getBean(AbstractBeanFactory.java:202)
	at org.springframework.beans.factory.config.DependencyDescriptor.resolveCandidate(DependencyDescriptor.java:254)
	at org.springframework.beans.factory.support.DefaultListableBeanFactory.doResolveDependency(DefaultListableBeanFactory.java:1745)
	at org.springframework.beans.factory.support.DefaultListableBeanFactory.resolveDependency(DefaultListableBeanFactory.java:1628)
	at org.springframework.beans.factory.support.ConstructorResolver.resolveAutowiredArgument(ConstructorResolver.java:913)
	at org.springframework.beans.factory.support.ConstructorResolver.createArgumentArray(ConstructorResolver.java:791)
	at org.springframework.beans.factory.support.ConstructorResolver.autowireConstructor(ConstructorResolver.java:240)
	at org.springframework.beans.factory.support.AbstractAutowireCapableBeanFactory.autowireConstructor(AbstractAutowireCapableBeanFactory.java:1395)
	at org.springframework.beans.factory.support.AbstractAutowireCapableBeanFactory.createBeanInstance(AbstractAutowireCapableBeanFactory.java:1232)
	at org.springframework.beans.factory.support.AbstractAutowireCapableBeanFactory.doCreateBean(AbstractAutowireCapableBeanFactory.java:569)
	at org.springframework.beans.factory.support.AbstractAutowireCapableBeanFactory.createBean(AbstractAutowireCapableBeanFactory.java:529)
	at org.springframework.beans.factory.support.AbstractBeanFactory.lambda$doGetBean$0(AbstractBeanFactory.java:339)
	at org.springframework.beans.factory.support.DefaultSingletonBeanRegistry.getSingleton(DefaultSingletonBeanRegistry.java:373)
	at org.springframework.beans.factory.support.AbstractBeanFactory.doGetBean(AbstractBeanFactory.java:337)
	at org.springframework.beans.factory.support.AbstractBeanFactory.getBean(AbstractBeanFactory.java:202)
	at org.springframework.beans.factory.config.DependencyDescriptor.resolveCandidate(DependencyDescriptor.java:254)
	at org.springframework.beans.factory.support.DefaultListableBeanFactory.doResolveDependency(DefaultListableBeanFactory.java:1745)
	at org.springframework.beans.factory.support.DefaultListableBeanFactory.resolveDependency(DefaultListableBeanFactory.java:1628)
	at org.springframework.beans.factory.annotation.AutowiredAnnotationBeanPostProcessor$AutowiredFieldElement.resolveFieldValue(AutowiredAnnotationBeanPostProcessor.java:785)
	at org.springframework.beans.factory.annotation.AutowiredAnnotationBeanPostProcessor$AutowiredFieldElement.inject(AutowiredAnnotationBeanPostProcessor.java:768)
	at org.springframework.beans.factory.annotation.InjectionMetadata.inject(InjectionMetadata.java:146)
	at org.springframework.beans.factory.annotation.AutowiredAnnotationBeanPostProcessor.postProcessProperties(AutowiredAnnotationBeanPostProcessor.java:509)
	at org.springframework.beans.factory.support.AbstractAutowireCapableBeanFactory.populateBean(AbstractAutowireCapableBeanFactory.java:1459)
	at org.springframework.beans.factory.support.AbstractAutowireCapableBeanFactory.doCreateBean(AbstractAutowireCapableBeanFactory.java:606)
	at org.springframework.beans.factory.support.AbstractAutowireCapableBeanFactory.createBean(AbstractAutowireCapableBeanFactory.java:529)
	at org.springframework.beans.factory.support.AbstractBeanFactory.lambda$doGetBean$0(AbstractBeanFactory.java:339)
	at org.springframework.beans.factory.support.DefaultSingletonBeanRegistry.getSingleton(DefaultSingletonBeanRegistry.java:373)
	at org.springframework.beans.factory.support.AbstractBeanFactory.doGetBean(AbstractBeanFactory.java:337)
	at org.springframework.beans.factory.support.AbstractBeanFactory.getBean(AbstractBeanFactory.java:207)
	at org.springframework.boot.web.servlet.ServletContextInitializerBeans.getOrderedBeansOfType(ServletContextInitializerBeans.java:230)
	at org.springframework.boot.web.servlet.ServletContextInitializerBeans.addAsRegistrationBean(ServletContextInitializerBeans.java:184)
	at org.springframework.boot.web.servlet.ServletContextInitializerBeans.addAsRegistrationBean(ServletContextInitializerBeans.java:179)
	at org.springframework.boot.web.servlet.ServletContextInitializerBeans.addAdaptableBeans(ServletContextInitializerBeans.java:164)
	at org.springframework.boot.web.servlet.ServletContextInitializerBeans.<init>(ServletContextInitializerBeans.java:96)
	at org.springframework.boot.web.servlet.context.ServletWebServerApplicationContext.getServletContextInitializerBeans(ServletWebServerApplicationContext.java:271)
	at org.springframework.boot.web.servlet.context.ServletWebServerApplicationContext.selfInitialize(ServletWebServerApplicationContext.java:245)
	at org.springframework.boot.web.embedded.tomcat.TomcatStarter.onStartup(TomcatStarter.java:52)
	at org.apache.catalina.core.StandardContext.startInternal(StandardContext.java:4464)
	at org.apache.catalina.util.LifecycleBase.start(LifecycleBase.java:164)
	at org.apache.catalina.core.ContainerBase$StartChild.call(ContainerBase.java:1203)
	at org.apache.catalina.core.ContainerBase$StartChild.call(ContainerBase.java:1193)
	at java.base/java.util.concurrent.FutureTask.run(FutureTask.java:264)
	at org.apache.tomcat.util.threads.InlineExecutorService.execute(InlineExecutorService.java:75)
	at java.base/java.util.concurrent.AbstractExecutorService.submit(AbstractExecutorService.java:145)
	at org.apache.catalina.core.ContainerBase.startInternal(ContainerBase.java:749)
	at org.apache.catalina.core.StandardHost.startInternal(StandardHost.java:772)
	at org.apache.catalina.util.LifecycleBase.start(LifecycleBase.java:164)
	at org.apache.catalina.core.ContainerBase$StartChild.call(ContainerBase.java:1203)
	at org.apache.catalina.core.ContainerBase$StartChild.call(ContainerBase.java:1193)
	at java.base/java.util.concurrent.FutureTask.run(FutureTask.java:264)
	at org.apache.tomcat.util.threads.InlineExecutorService.execute(InlineExecutorService.java:75)
	at java.base/java.util.concurrent.AbstractExecutorService.submit(AbstractExecutorService.java:145)
	at org.apache.catalina.core.ContainerBase.startInternal(ContainerBase.java:749)
	at org.apache.catalina.core.StandardEngine.startInternal(StandardEngine.java:203)
	at org.apache.catalina.util.LifecycleBase.start(LifecycleBase.java:164)
	at org.apache.catalina.core.StandardService.startInternal(StandardService.java:412)
	at org.apache.catalina.util.LifecycleBase.start(LifecycleBase.java:164)
	at org.apache.catalina.core.StandardServer.startInternal(StandardServer.java:870)
	at org.apache.catalina.util.LifecycleBase.start(LifecycleBase.java:164)
	at org.apache.catalina.startup.Tomcat.start(Tomcat.java:438)
	at org.springframework.boot.web.embedded.tomcat.TomcatWebServer.initialize(TomcatWebServer.java:128)
	at org.springframework.boot.web.embedded.tomcat.TomcatWebServer.<init>(TomcatWebServer.java:107)
	at org.springframework.boot.web.embedded.tomcat.TomcatServletWebServerFactory.getTomcatWebServer(TomcatServletWebServerFactory.java:517)
	at org.springframework.boot.web.embedded.tomcat.TomcatServletWebServerFactory.getWebServer(TomcatServletWebServerFactory.java:219)
	at org.springframework.boot.web.servlet.context.ServletWebServerApplicationContext.createWebServer(ServletWebServerApplicationContext.java:193)
	at org.springframework.boot.web.servlet.context.ServletWebServerApplicationContext.onRefresh(ServletWebServerApplicationContext.java:167)
	at org.springframework.context.support.AbstractApplicationContext.refresh(AbstractApplicationContext.java:621)
	at org.springframework.boot.web.servlet.context.ServletWebServerApplicationContext.refresh(ServletWebServerApplicationContext.java:146)
	at org.springframework.boot.SpringApplication.refresh(SpringApplication.java:752)
	at org.springframework.boot.SpringApplication.refreshContext(SpringApplication.java:439)
	at org.springframework.boot.SpringApplication.run(SpringApplication.java:318)
	at org.springframework.boot.SpringApplication.run(SpringApplication.java:1361)
	at org.springframework.boot.SpringApplication.run(SpringApplication.java:1350)
	at com.prepmentor.backend.BackendApplication.main(BackendApplication.java:14)
Caused by: java.sql.SQLNonTransientConnectionException: Public Key Retrieval is not allowed
	at com.mysql.cj.jdbc.exceptions.SQLError.createSQLException(SQLError.java:102)
	at com.mysql.cj.jdbc.exceptions.SQLExceptionsMapping.translateException(SQLExceptionsMapping.java:114)
	at com.mysql.cj.jdbc.ConnectionImpl.createNewIO(ConnectionImpl.java:837)
	at com.mysql.cj.jdbc.ConnectionImpl.<init>(ConnectionImpl.java:420)
	at com.mysql.cj.jdbc.ConnectionImpl.getInstance(ConnectionImpl.java:238)
	at com.mysql.cj.jdbc.NonRegisteringDriver.connect(NonRegisteringDriver.java:180)
	at com.zaxxer.hikari.util.DriverDataSource.getConnection(DriverDataSource.java:139)
	at com.zaxxer.hikari.pool.PoolBase.newConnection(PoolBase.java:368)
	at com.zaxxer.hikari.pool.PoolBase.newPoolEntry(PoolBase.java:205)
	at com.zaxxer.hikari.pool.HikariPool.createPoolEntry(HikariPool.java:483)
	at com.zaxxer.hikari.pool.HikariPool.checkFailFast(HikariPool.java:571)
	at com.zaxxer.hikari.pool.HikariPool.<init>(HikariPool.java:101)
	at com.zaxxer.hikari.HikariDataSource.getConnection(HikariDataSource.java:111)
	at org.hibernate.engine.jdbc.connections.internal.DatasourceConnectionProviderImpl.getConnection(DatasourceConnectionProviderImpl.java:126)
	at org.hibernate.engine.jdbc.env.internal.JdbcEnvironmentInitiator$ConnectionProviderJdbcConnectionAccess.obtainConnection(JdbcEnvironmentInitiator.java:483)
	at org.hibernate.resource.transaction.backend.jdbc.internal.JdbcIsolationDelegate.delegateWork(JdbcIsolationDelegate.java:61)
	... 121 common frames omitted
Caused by: com.mysql.cj.exceptions.UnableToConnectException: Public Key Retrieval is not allowed
	at java.base/jdk.internal.reflect.NativeConstructorAccessorImpl.newInstance0(Native Method)
	at java.base/jdk.internal.reflect.NativeConstructorAccessorImpl.newInstance(NativeConstructorAccessorImpl.java:77)
	at java.base/jdk.internal.reflect.DelegatingConstructorAccessorImpl.newInstance(DelegatingConstructorAccessorImpl.java:45)
	at java.base/java.lang.reflect.Constructor.newInstanceWithCaller(Constructor.java:499)
	at java.base/java.lang.reflect.Constructor.newInstance(Constructor.java:480)
	at com.mysql.cj.exceptions.ExceptionFactory.createException(ExceptionFactory.java:52)
	at com.mysql.cj.exceptions.ExceptionFactory.createException(ExceptionFactory.java:76)
	at com.mysql.cj.protocol.a.authentication.CachingSha2PasswordPlugin.nextAuthenticationStep(CachingSha2PasswordPlugin.java:122)
	at com.mysql.cj.protocol.a.authentication.CachingSha2PasswordPlugin.nextAuthenticationStep(CachingSha2PasswordPlugin.java:40)
	at com.mysql.cj.protocol.a.NativeAuthenticationProvider.proceedHandshakeWithPluggableAuthentication(NativeAuthenticationProvider.java:436)
	at com.mysql.cj.protocol.a.NativeAuthenticationProvider.connect(NativeAuthenticationProvider.java:206)
	at com.mysql.cj.protocol.a.NativeProtocol.connect(NativeProtocol.java:1333)
	at com.mysql.cj.NativeSession.connect(NativeSession.java:155)
	at com.mysql.cj.jdbc.ConnectionImpl.connectOneTryOnly(ConnectionImpl.java:961)
	at com.mysql.cj.jdbc.ConnectionImpl.createNewIO(ConnectionImpl.java:825)
	... 134 common frames omitted
2025-07-10 23:11:35.107 WARN  o.h.e.j.d.i.DialectFactoryImpl:153 - HHH90000025: MySQLDialect does not need to be specified explicitly using 'hibernate.dialect' (remove the property setting and it will be selected by default)
2025-07-10 23:11:35.138 INFO  o.h.e.j.e.i.JdbcEnvironmentInitiator:163 - HHH10001005: Database info:
	Database JDBC URL [Connecting through datasource 'HikariDataSource (null)']
	Database driver: undefined/unknown
	Database version: 8.0
	Autocommit mode: undefined/unknown
	Isolation level: undefined/unknown
	Minimum pool size: undefined/unknown
	Maximum pool size: undefined/unknown
2025-07-10 23:11:36.637 INFO  o.h.e.t.j.p.i.JtaPlatformInitiator:59 - HHH000489: No JTA platform available (set 'hibernate.transaction.jta.platform' to enable JTA platform integration)
2025-07-10 23:11:36.667 INFO  c.z.h.HikariDataSource:109 - HikariPool-1 - Starting...
2025-07-10 23:11:37.674 WARN  o.h.e.j.s.SqlExceptionHelper:145 - SQL Error: 0, SQLState: 08001
2025-07-10 23:11:37.674 ERROR o.h.e.j.s.SqlExceptionHelper:150 - Public Key Retrieval is not allowed
2025-07-10 23:11:37.680 ERROR o.s.o.j.AbstractEntityManagerFactoryBean:436 - Failed to initialize JPA EntityManagerFactory: [PersistenceUnit: default] Unable to build Hibernate SessionFactory; nested exception is org.hibernate.exception.JDBCConnectionException: Unable to open JDBC Connection for DDL execution [Public Key Retrieval is not allowed] [n/a]
2025-07-10 23:11:37.682 ERROR o.s.b.w.e.t.TomcatStarter:60 - Error starting Tomcat context. Exception: org.springframework.beans.factory.UnsatisfiedDependencyException. Message: Error creating bean with name 'jwtAuthFilter': Unsatisfied dependency expressed through field 'userDetailsService': Error creating bean with name 'customUserDetailsService' defined in file [C:\Users\WT\Desktop\prep-mentor-ai\backend\build\classes\java\main\com\prepmentor\backend\service\CustomUserDetailsService.class]: Unsatisfied dependency expressed through constructor parameter 0: Error creating bean with name 'userRepository' defined in com.prepmentor.backend.repository.UserRepository defined in @EnableJpaRepositories declared on JpaRepositoriesRegistrar.EnableJpaRepositoriesConfiguration: Cannot resolve reference to bean 'jpaSharedEM_entityManagerFactory' while setting bean property 'entityManager'
2025-07-10 23:11:37.713 INFO  o.a.j.l.DirectJDKLog:168 - Stopping service [Tomcat]
2025-07-10 23:11:37.718 WARN  o.s.c.s.AbstractApplicationContext:635 - Exception encountered during context initialization - cancelling refresh attempt: org.springframework.context.ApplicationContextException: Unable to start web server
2025-07-10 23:11:37.727 INFO  o.s.b.a.l.ConditionEvaluationReportLogger:82 - 

Error starting ApplicationContext. To display the condition evaluation report re-run your application with 'debug' enabled.
2025-07-10 23:11:37.752 ERROR o.s.b.SpringApplication:857 - Application run failed
org.springframework.context.ApplicationContextException: Unable to start web server
	at org.springframework.boot.web.servlet.context.ServletWebServerApplicationContext.onRefresh(ServletWebServerApplicationContext.java:170)
	at org.springframework.context.support.AbstractApplicationContext.refresh(AbstractApplicationContext.java:621)
	at org.springframework.boot.web.servlet.context.ServletWebServerApplicationContext.refresh(ServletWebServerApplicationContext.java:146)
	at org.springframework.boot.SpringApplication.refresh(SpringApplication.java:752)
	at org.springframework.boot.SpringApplication.refreshContext(SpringApplication.java:439)
	at org.springframework.boot.SpringApplication.run(SpringApplication.java:318)
	at org.springframework.boot.SpringApplication.run(SpringApplication.java:1361)
	at org.springframework.boot.SpringApplication.run(SpringApplication.java:1350)
	at com.prepmentor.backend.BackendApplication.main(BackendApplication.java:14)
Caused by: org.springframework.boot.web.server.WebServerException: Unable to start embedded Tomcat
	at org.springframework.boot.web.embedded.tomcat.TomcatWebServer.initialize(TomcatWebServer.java:147)
	at org.springframework.boot.web.embedded.tomcat.TomcatWebServer.<init>(TomcatWebServer.java:107)
	at org.springframework.boot.web.embedded.tomcat.TomcatServletWebServerFactory.getTomcatWebServer(TomcatServletWebServerFactory.java:517)
	at org.springframework.boot.web.embedded.tomcat.TomcatServletWebServerFactory.getWebServer(TomcatServletWebServerFactory.java:219)
	at org.springframework.boot.web.servlet.context.ServletWebServerApplicationContext.createWebServer(ServletWebServerApplicationContext.java:193)
	at org.springframework.boot.web.servlet.context.ServletWebServerApplicationContext.onRefresh(ServletWebServerApplicationContext.java:167)
	... 8 common frames omitted
Caused by: org.springframework.beans.factory.UnsatisfiedDependencyException: Error creating bean with name 'jwtAuthFilter': Unsatisfied dependency expressed through field 'userDetailsService': Error creating bean with name 'customUserDetailsService' defined in file [C:\Users\WT\Desktop\prep-mentor-ai\backend\build\classes\java\main\com\prepmentor\backend\service\CustomUserDetailsService.class]: Unsatisfied dependency expressed through constructor parameter 0: Error creating bean with name 'userRepository' defined in com.prepmentor.backend.repository.UserRepository defined in @EnableJpaRepositories declared on JpaRepositoriesRegistrar.EnableJpaRepositoriesConfiguration: Cannot resolve reference to bean 'jpaSharedEM_entityManagerFactory' while setting bean property 'entityManager'
	at org.springframework.beans.factory.annotation.AutowiredAnnotationBeanPostProcessor$AutowiredFieldElement.resolveFieldValue(AutowiredAnnotationBeanPostProcessor.java:788)
	at org.springframework.beans.factory.annotation.AutowiredAnnotationBeanPostProcessor$AutowiredFieldElement.inject(AutowiredAnnotationBeanPostProcessor.java:768)
	at org.springframework.beans.factory.annotation.InjectionMetadata.inject(InjectionMetadata.java:146)
	at org.springframework.beans.factory.annotation.AutowiredAnnotationBeanPostProcessor.postProcessProperties(AutowiredAnnotationBeanPostProcessor.java:509)
	at org.springframework.beans.factory.support.AbstractAutowireCapableBeanFactory.populateBean(AbstractAutowireCapableBeanFactory.java:1459)
	at org.springframework.beans.factory.support.AbstractAutowireCapableBeanFactory.doCreateBean(AbstractAutowireCapableBeanFactory.java:606)
	at org.springframework.beans.factory.support.AbstractAutowireCapableBeanFactory.createBean(AbstractAutowireCapableBeanFactory.java:529)
	at org.springframework.beans.factory.support.AbstractBeanFactory.lambda$doGetBean$0(AbstractBeanFactory.java:339)
	at org.springframework.beans.factory.support.DefaultSingletonBeanRegistry.getSingleton(DefaultSingletonBeanRegistry.java:373)
	at org.springframework.beans.factory.support.AbstractBeanFactory.doGetBean(AbstractBeanFactory.java:337)
	at org.springframework.beans.factory.support.AbstractBeanFactory.getBean(AbstractBeanFactory.java:207)
	at org.springframework.boot.web.servlet.ServletContextInitializerBeans.getOrderedBeansOfType(ServletContextInitializerBeans.java:230)
	at org.springframework.boot.web.servlet.ServletContextInitializerBeans.addAsRegistrationBean(ServletContextInitializerBeans.java:184)
	at org.springframework.boot.web.servlet.ServletContextInitializerBeans.addAsRegistrationBean(ServletContextInitializerBeans.java:179)
	at org.springframework.boot.web.servlet.ServletContextInitializerBeans.addAdaptableBeans(ServletContextInitializerBeans.java:164)
	at org.springframework.boot.web.servlet.ServletContextInitializerBeans.<init>(ServletContextInitializerBeans.java:96)
	at org.springframework.boot.web.servlet.context.ServletWebServerApplicationContext.getServletContextInitializerBeans(ServletWebServerApplicationContext.java:271)
	at org.springframework.boot.web.servlet.context.ServletWebServerApplicationContext.selfInitialize(ServletWebServerApplicationContext.java:245)
	at org.springframework.boot.web.embedded.tomcat.TomcatStarter.onStartup(TomcatStarter.java:52)
	at org.apache.catalina.core.StandardContext.startInternal(StandardContext.java:4464)
	at org.apache.catalina.util.LifecycleBase.start(LifecycleBase.java:164)
	at org.apache.catalina.core.ContainerBase$StartChild.call(ContainerBase.java:1203)
	at org.apache.catalina.core.ContainerBase$StartChild.call(ContainerBase.java:1193)
	at java.base/java.util.concurrent.FutureTask.run(FutureTask.java:264)
	at org.apache.tomcat.util.threads.InlineExecutorService.execute(InlineExecutorService.java:75)
	at java.base/java.util.concurrent.AbstractExecutorService.submit(AbstractExecutorService.java:145)
	at org.apache.catalina.core.ContainerBase.startInternal(ContainerBase.java:749)
	at org.apache.catalina.core.StandardHost.startInternal(StandardHost.java:772)
	at org.apache.catalina.util.LifecycleBase.start(LifecycleBase.java:164)
	at org.apache.catalina.core.ContainerBase$StartChild.call(ContainerBase.java:1203)
	at org.apache.catalina.core.ContainerBase$StartChild.call(ContainerBase.java:1193)
	at java.base/java.util.concurrent.FutureTask.run(FutureTask.java:264)
	at org.apache.tomcat.util.threads.InlineExecutorService.execute(InlineExecutorService.java:75)
	at java.base/java.util.concurrent.AbstractExecutorService.submit(AbstractExecutorService.java:145)
	at org.apache.catalina.core.ContainerBase.startInternal(ContainerBase.java:749)
	at org.apache.catalina.core.StandardEngine.startInternal(StandardEngine.java:203)
	at org.apache.catalina.util.LifecycleBase.start(LifecycleBase.java:164)
	at org.apache.catalina.core.StandardService.startInternal(StandardService.java:412)
	at org.apache.catalina.util.LifecycleBase.start(LifecycleBase.java:164)
	at org.apache.catalina.core.StandardServer.startInternal(StandardServer.java:870)
	at org.apache.catalina.util.LifecycleBase.start(LifecycleBase.java:164)
	at org.apache.catalina.startup.Tomcat.start(Tomcat.java:438)
	at org.springframework.boot.web.embedded.tomcat.TomcatWebServer.initialize(TomcatWebServer.java:128)
	... 13 common frames omitted
Caused by: org.springframework.beans.factory.UnsatisfiedDependencyException: Error creating bean with name 'customUserDetailsService' defined in file [C:\Users\WT\Desktop\prep-mentor-ai\backend\build\classes\java\main\com\prepmentor\backend\service\CustomUserDetailsService.class]: Unsatisfied dependency expressed through constructor parameter 0: Error creating bean with name 'userRepository' defined in com.prepmentor.backend.repository.UserRepository defined in @EnableJpaRepositories declared on JpaRepositoriesRegistrar.EnableJpaRepositoriesConfiguration: Cannot resolve reference to bean 'jpaSharedEM_entityManagerFactory' while setting bean property 'entityManager'
	at org.springframework.beans.factory.support.ConstructorResolver.createArgumentArray(ConstructorResolver.java:804)
	at org.springframework.beans.factory.support.ConstructorResolver.autowireConstructor(ConstructorResolver.java:240)
	at org.springframework.beans.factory.support.AbstractAutowireCapableBeanFactory.autowireConstructor(AbstractAutowireCapableBeanFactory.java:1395)
	at org.springframework.beans.factory.support.AbstractAutowireCapableBeanFactory.createBeanInstance(AbstractAutowireCapableBeanFactory.java:1232)
	at org.springframework.beans.factory.support.AbstractAutowireCapableBeanFactory.doCreateBean(AbstractAutowireCapableBeanFactory.java:569)
	at org.springframework.beans.factory.support.AbstractAutowireCapableBeanFactory.createBean(AbstractAutowireCapableBeanFactory.java:529)
	at org.springframework.beans.factory.support.AbstractBeanFactory.lambda$doGetBean$0(AbstractBeanFactory.java:339)
	at org.springframework.beans.factory.support.DefaultSingletonBeanRegistry.getSingleton(DefaultSingletonBeanRegistry.java:373)
	at org.springframework.beans.factory.support.AbstractBeanFactory.doGetBean(AbstractBeanFactory.java:337)
	at org.springframework.beans.factory.support.AbstractBeanFactory.getBean(AbstractBeanFactory.java:202)
	at org.springframework.beans.factory.config.DependencyDescriptor.resolveCandidate(DependencyDescriptor.java:254)
	at org.springframework.beans.factory.support.DefaultListableBeanFactory.doResolveDependency(DefaultListableBeanFactory.java:1745)
	at org.springframework.beans.factory.support.DefaultListableBeanFactory.resolveDependency(DefaultListableBeanFactory.java:1628)
	at org.springframework.beans.factory.annotation.AutowiredAnnotationBeanPostProcessor$AutowiredFieldElement.resolveFieldValue(AutowiredAnnotationBeanPostProcessor.java:785)
	... 55 common frames omitted
Caused by: org.springframework.beans.factory.BeanCreationException: Error creating bean with name 'userRepository' defined in com.prepmentor.backend.repository.UserRepository defined in @EnableJpaRepositories declared on JpaRepositoriesRegistrar.EnableJpaRepositoriesConfiguration: Cannot resolve reference to bean 'jpaSharedEM_entityManagerFactory' while setting bean property 'entityManager'
	at org.springframework.beans.factory.support.BeanDefinitionValueResolver.resolveReference(BeanDefinitionValueResolver.java:377)
	at org.springframework.beans.factory.support.BeanDefinitionValueResolver.resolveValueIfNecessary(BeanDefinitionValueResolver.java:135)
	at org.springframework.beans.factory.support.AbstractAutowireCapableBeanFactory.applyPropertyValues(AbstractAutowireCapableBeanFactory.java:1725)
	at org.springframework.beans.factory.support.AbstractAutowireCapableBeanFactory.populateBean(AbstractAutowireCapableBeanFactory.java:1474)
	at org.springframework.beans.factory.support.AbstractAutowireCapableBeanFactory.doCreateBean(AbstractAutowireCapableBeanFactory.java:606)
	at org.springframework.beans.factory.support.AbstractAutowireCapableBeanFactory.createBean(AbstractAutowireCapableBeanFactory.java:529)
	at org.springframework.beans.factory.support.AbstractBeanFactory.lambda$doGetBean$0(AbstractBeanFactory.java:339)
	at org.springframework.beans.factory.support.DefaultSingletonBeanRegistry.getSingleton(DefaultSingletonBeanRegistry.java:373)
	at org.springframework.beans.factory.support.AbstractBeanFactory.doGetBean(AbstractBeanFactory.java:337)
	at org.springframework.beans.factory.support.AbstractBeanFactory.getBean(AbstractBeanFactory.java:202)
	at org.springframework.beans.factory.config.DependencyDescriptor.resolveCandidate(DependencyDescriptor.java:254)
	at org.springframework.beans.factory.support.DefaultListableBeanFactory.doResolveDependency(DefaultListableBeanFactory.java:1745)
	at org.springframework.beans.factory.support.DefaultListableBeanFactory.resolveDependency(DefaultListableBeanFactory.java:1628)
	at org.springframework.beans.factory.support.ConstructorResolver.resolveAutowiredArgument(ConstructorResolver.java:913)
	at org.springframework.beans.factory.support.ConstructorResolver.createArgumentArray(ConstructorResolver.java:791)
	... 68 common frames omitted
Caused by: org.springframework.beans.factory.BeanCreationException: Error creating bean with name 'jpaSharedEM_entityManagerFactory': Cannot resolve reference to bean 'entityManagerFactory' while setting constructor argument
	at org.springframework.beans.factory.support.BeanDefinitionValueResolver.resolveReference(BeanDefinitionValueResolver.java:377)
	at org.springframework.beans.factory.support.BeanDefinitionValueResolver.resolveValueIfNecessary(BeanDefinitionValueResolver.java:135)
	at org.springframework.beans.factory.support.ConstructorResolver.resolveConstructorArguments(ConstructorResolver.java:691)
	at org.springframework.beans.factory.support.ConstructorResolver.instantiateUsingFactoryMethod(ConstructorResolver.java:513)
	at org.springframework.beans.factory.support.AbstractAutowireCapableBeanFactory.instantiateUsingFactoryMethod(AbstractAutowireCapableBeanFactory.java:1375)
	at org.springframework.beans.factory.support.AbstractAutowireCapableBeanFactory.createBeanInstance(AbstractAutowireCapableBeanFactory.java:1205)
	at org.springframework.beans.factory.support.AbstractAutowireCapableBeanFactory.doCreateBean(AbstractAutowireCapableBeanFactory.java:569)
	at org.springframework.beans.factory.support.AbstractAutowireCapableBeanFactory.createBean(AbstractAutowireCapableBeanFactory.java:529)
	at org.springframework.beans.factory.support.AbstractBeanFactory.lambda$doGetBean$0(AbstractBeanFactory.java:339)
	at org.springframework.beans.factory.support.DefaultSingletonBeanRegistry.getSingleton(DefaultSingletonBeanRegistry.java:373)
	at org.springframework.beans.factory.support.AbstractBeanFactory.doGetBean(AbstractBeanFactory.java:337)
	at org.springframework.beans.factory.support.AbstractBeanFactory.getBean(AbstractBeanFactory.java:202)
	at org.springframework.beans.factory.support.BeanDefinitionValueResolver.resolveReference(BeanDefinitionValueResolver.java:365)
	... 82 common frames omitted
Caused by: org.springframework.beans.factory.BeanCreationException: Error creating bean with name 'entityManagerFactory' defined in class path resource [org/springframework/boot/autoconfigure/orm/jpa/HibernateJpaConfiguration.class]: [PersistenceUnit: default] Unable to build Hibernate SessionFactory; nested exception is org.hibernate.exception.JDBCConnectionException: Unable to open JDBC Connection for DDL execution [Public Key Retrieval is not allowed] [n/a]
	at org.springframework.beans.factory.support.AbstractAutowireCapableBeanFactory.initializeBean(AbstractAutowireCapableBeanFactory.java:1826)
	at org.springframework.beans.factory.support.AbstractAutowireCapableBeanFactory.doCreateBean(AbstractAutowireCapableBeanFactory.java:607)
	at org.springframework.beans.factory.support.AbstractAutowireCapableBeanFactory.createBean(AbstractAutowireCapableBeanFactory.java:529)
	at org.springframework.beans.factory.support.AbstractBeanFactory.lambda$doGetBean$0(AbstractBeanFactory.java:339)
	at org.springframework.beans.factory.support.DefaultSingletonBeanRegistry.getSingleton(DefaultSingletonBeanRegistry.java:373)
	at org.springframework.beans.factory.support.AbstractBeanFactory.doGetBean(AbstractBeanFactory.java:337)
	at org.springframework.beans.factory.support.AbstractBeanFactory.getBean(AbstractBeanFactory.java:202)
	at org.springframework.beans.factory.support.BeanDefinitionValueResolver.resolveReference(BeanDefinitionValueResolver.java:365)
	... 94 common frames omitted
Caused by: jakarta.persistence.PersistenceException: [PersistenceUnit: default] Unable to build Hibernate SessionFactory; nested exception is org.hibernate.exception.JDBCConnectionException: Unable to open JDBC Connection for DDL execution [Public Key Retrieval is not allowed] [n/a]
	at org.springframework.orm.jpa.AbstractEntityManagerFactoryBean.buildNativeEntityManagerFactory(AbstractEntityManagerFactoryBean.java:431)
	at org.springframework.orm.jpa.AbstractEntityManagerFactoryBean.afterPropertiesSet(AbstractEntityManagerFactoryBean.java:400)
	at org.springframework.orm.jpa.LocalContainerEntityManagerFactoryBean.afterPropertiesSet(LocalContainerEntityManagerFactoryBean.java:366)
	at org.springframework.beans.factory.support.AbstractAutowireCapableBeanFactory.invokeInitMethods(AbstractAutowireCapableBeanFactory.java:1873)
	at org.springframework.beans.factory.support.AbstractAutowireCapableBeanFactory.initializeBean(AbstractAutowireCapableBeanFactory.java:1822)
	... 101 common frames omitted
Caused by: org.hibernate.exception.JDBCConnectionException: Unable to open JDBC Connection for DDL execution [Public Key Retrieval is not allowed] [n/a]
	at org.hibernate.exception.internal.SQLExceptionTypeDelegate.convert(SQLExceptionTypeDelegate.java:51)
	at org.hibernate.exception.internal.StandardSQLExceptionConverter.convert(StandardSQLExceptionConverter.java:58)
	at org.hibernate.engine.jdbc.spi.SqlExceptionHelper.convert(SqlExceptionHelper.java:108)
	at org.hibernate.engine.jdbc.spi.SqlExceptionHelper.convert(SqlExceptionHelper.java:94)
	at org.hibernate.resource.transaction.backend.jdbc.internal.DdlTransactionIsolatorNonJtaImpl.getIsolatedConnection(DdlTransactionIsolatorNonJtaImpl.java:74)
	at org.hibernate.resource.transaction.backend.jdbc.internal.DdlTransactionIsolatorNonJtaImpl.getIsolatedConnection(DdlTransactionIsolatorNonJtaImpl.java:39)
	at org.hibernate.tool.schema.internal.exec.ImprovedExtractionContextImpl.getJdbcConnection(ImprovedExtractionContextImpl.java:63)
	at org.hibernate.tool.schema.internal.exec.ImprovedExtractionContextImpl.getJdbcDatabaseMetaData(ImprovedExtractionContextImpl.java:70)
	at org.hibernate.tool.schema.extract.internal.InformationExtractorJdbcDatabaseMetaDataImpl.processTableResultSet(InformationExtractorJdbcDatabaseMetaDataImpl.java:65)
	at org.hibernate.tool.schema.extract.internal.AbstractInformationExtractorImpl.getTables(AbstractInformationExtractorImpl.java:570)
	at org.hibernate.tool.schema.extract.internal.DatabaseInformationImpl.getTablesInformation(DatabaseInformationImpl.java:122)
	at org.hibernate.tool.schema.internal.GroupedSchemaMigratorImpl.performTablesMigration(GroupedSchemaMigratorImpl.java:72)
	at org.hibernate.tool.schema.internal.AbstractSchemaMigrator.performMigration(AbstractSchemaMigrator.java:233)
	at org.hibernate.tool.schema.internal.AbstractSchemaMigrator.doMigration(AbstractSchemaMigrator.java:112)
	at org.hibernate.tool.schema.spi.SchemaManagementToolCoordinator.performDatabaseAction(SchemaManagementToolCoordinator.java:280)
	at org.hibernate.tool.schema.spi.SchemaManagementToolCoordinator.lambda$process$5(SchemaManagementToolCoordinator.java:144)
	at java.base/java.util.HashMap.forEach(HashMap.java:1421)
	at org.hibernate.tool.schema.spi.SchemaManagementToolCoordinator.process(SchemaManagementToolCoordinator.java:141)
	at org.hibernate.boot.internal.SessionFactoryObserverForSchemaExport.sessionFactoryCreated(SessionFactoryObserverForSchemaExport.java:37)
	at org.hibernate.internal.SessionFactoryObserverChain.sessionFactoryCreated(SessionFactoryObserverChain.java:35)
	at org.hibernate.internal.SessionFactoryImpl.<init>(SessionFactoryImpl.java:324)
	at org.hibernate.boot.internal.SessionFactoryBuilderImpl.build(SessionFactoryBuilderImpl.java:463)
	at org.hibernate.jpa.boot.internal.EntityManagerFactoryBuilderImpl.build(EntityManagerFactoryBuilderImpl.java:1517)
	at org.springframework.orm.jpa.vendor.SpringHibernateJpaPersistenceProvider.createContainerEntityManagerFactory(SpringHibernateJpaPersistenceProvider.java:66)
	at org.springframework.orm.jpa.LocalContainerEntityManagerFactoryBean.createNativeEntityManagerFactory(LocalContainerEntityManagerFactoryBean.java:390)
	at org.springframework.orm.jpa.AbstractEntityManagerFactoryBean.buildNativeEntityManagerFactory(AbstractEntityManagerFactoryBean.java:419)
	... 105 common frames omitted
Caused by: java.sql.SQLNonTransientConnectionException: Public Key Retrieval is not allowed
	at com.mysql.cj.jdbc.exceptions.SQLError.createSQLException(SQLError.java:102)
	at com.mysql.cj.jdbc.exceptions.SQLExceptionsMapping.translateException(SQLExceptionsMapping.java:114)
	at com.mysql.cj.jdbc.ConnectionImpl.createNewIO(ConnectionImpl.java:837)
	at com.mysql.cj.jdbc.ConnectionImpl.<init>(ConnectionImpl.java:420)
	at com.mysql.cj.jdbc.ConnectionImpl.getInstance(ConnectionImpl.java:238)
	at com.mysql.cj.jdbc.NonRegisteringDriver.connect(NonRegisteringDriver.java:180)
	at com.zaxxer.hikari.util.DriverDataSource.getConnection(DriverDataSource.java:139)
	at com.zaxxer.hikari.pool.PoolBase.newConnection(PoolBase.java:368)
	at com.zaxxer.hikari.pool.PoolBase.newPoolEntry(PoolBase.java:205)
	at com.zaxxer.hikari.pool.HikariPool.createPoolEntry(HikariPool.java:483)
	at com.zaxxer.hikari.pool.HikariPool.checkFailFast(HikariPool.java:571)
	at com.zaxxer.hikari.pool.HikariPool.<init>(HikariPool.java:101)
	at com.zaxxer.hikari.HikariDataSource.getConnection(HikariDataSource.java:111)
	at org.hibernate.engine.jdbc.connections.internal.DatasourceConnectionProviderImpl.getConnection(DatasourceConnectionProviderImpl.java:126)
	at org.hibernate.engine.jdbc.env.internal.JdbcEnvironmentInitiator$ConnectionProviderJdbcConnectionAccess.obtainConnection(JdbcEnvironmentInitiator.java:483)
	at org.hibernate.resource.transaction.backend.jdbc.internal.DdlTransactionIsolatorNonJtaImpl.getIsolatedConnection(DdlTransactionIsolatorNonJtaImpl.java:46)
	... 126 common frames omitted
Caused by: com.mysql.cj.exceptions.UnableToConnectException: Public Key Retrieval is not allowed
	at java.base/jdk.internal.reflect.NativeConstructorAccessorImpl.newInstance0(Native Method)
	at java.base/jdk.internal.reflect.NativeConstructorAccessorImpl.newInstance(NativeConstructorAccessorImpl.java:77)
	at java.base/jdk.internal.reflect.DelegatingConstructorAccessorImpl.newInstance(DelegatingConstructorAccessorImpl.java:45)
	at java.base/java.lang.reflect.Constructor.newInstanceWithCaller(Constructor.java:499)
	at java.base/java.lang.reflect.Constructor.newInstance(Constructor.java:480)
	at com.mysql.cj.exceptions.ExceptionFactory.createException(ExceptionFactory.java:52)
	at com.mysql.cj.exceptions.ExceptionFactory.createException(ExceptionFactory.java:76)
	at com.mysql.cj.protocol.a.authentication.CachingSha2PasswordPlugin.nextAuthenticationStep(CachingSha2PasswordPlugin.java:122)
	at com.mysql.cj.protocol.a.authentication.CachingSha2PasswordPlugin.nextAuthenticationStep(CachingSha2PasswordPlugin.java:40)
	at com.mysql.cj.protocol.a.NativeAuthenticationProvider.proceedHandshakeWithPluggableAuthentication(NativeAuthenticationProvider.java:436)
	at com.mysql.cj.protocol.a.NativeAuthenticationProvider.connect(NativeAuthenticationProvider.java:206)
	at com.mysql.cj.protocol.a.NativeProtocol.connect(NativeProtocol.java:1333)
	at com.mysql.cj.NativeSession.connect(NativeSession.java:155)
	at com.mysql.cj.jdbc.ConnectionImpl.connectOneTryOnly(ConnectionImpl.java:961)
	at com.mysql.cj.jdbc.ConnectionImpl.createNewIO(ConnectionImpl.java:825)
	... 139 common frames omitted
2025-07-10 23:15:08.943 INFO  o.h.v.i.u.Version:21 - HV000001: Hibernate Validator 8.0.2.Final
2025-07-10 23:15:09.029 INFO  o.s.b.StartupInfoLogger:53 - Starting BackendApplication using Java 17.0.9 with PID 12804 (C:\Users\WT\Desktop\prep-mentor-ai\backend\build\classes\java\main started by WT in C:\Users\WT\Desktop\prep-mentor-ai\backend)
2025-07-10 23:15:09.031 INFO  o.s.b.SpringApplication:652 - No active profile set, falling back to 1 default profile: "default"
2025-07-10 23:15:10.066 INFO  o.s.d.r.c.RepositoryConfigurationDelegate:145 - Bootstrapping Spring Data JPA repositories in DEFAULT mode.
2025-07-10 23:15:10.146 INFO  o.s.d.r.c.RepositoryConfigurationDelegate:213 - Finished Spring Data repository scanning in 66 ms. Found 1 JPA repository interface.
2025-07-10 23:15:11.080 INFO  o.s.b.w.e.t.TomcatWebServer:111 - Tomcat initialized with port 8080 (http)
2025-07-10 23:15:11.094 INFO  o.a.j.l.DirectJDKLog:168 - Initializing ProtocolHandler ["http-nio-8080"]
2025-07-10 23:15:11.097 INFO  o.a.j.l.DirectJDKLog:168 - Starting service [Tomcat]
2025-07-10 23:15:11.097 INFO  o.a.j.l.DirectJDKLog:168 - Starting Servlet engine: [Apache Tomcat/10.1.42]
2025-07-10 23:15:11.178 INFO  o.a.j.l.DirectJDKLog:168 - Initializing Spring embedded WebApplicationContext
2025-07-10 23:15:11.179 INFO  o.s.b.w.s.c.ServletWebServerApplicationContext:301 - Root WebApplicationContext: initialization completed in 2092 ms
2025-07-10 23:15:11.363 INFO  o.h.j.i.u.LogHelper:31 - HHH000204: Processing PersistenceUnitInfo [name: default]
2025-07-10 23:15:11.468 INFO  o.h.Version:44 - HHH000412: Hibernate ORM core version 6.6.18.Final
2025-07-10 23:15:11.541 INFO  o.h.c.i.RegionFactoryInitiator:50 - HHH000026: Second-level cache disabled
2025-07-10 23:15:11.956 INFO  o.s.o.j.p.SpringPersistenceUnitInfo:87 - No LoadTimeWeaver setup: ignoring JPA class transformer
2025-07-10 23:15:12.002 INFO  c.z.h.HikariDataSource:109 - HikariPool-1 - Starting...
2025-07-10 23:15:12.213 INFO  c.z.h.p.HikariPool:575 - HikariPool-1 - Added connection com.mysql.cj.jdbc.ConnectionImpl@11cadb32
2025-07-10 23:15:12.217 INFO  c.z.h.HikariDataSource:122 - HikariPool-1 - Start completed.
2025-07-10 23:15:12.290 WARN  o.h.e.j.d.i.DialectFactoryImpl:153 - HHH90000025: MySQLDialect does not need to be specified explicitly using 'hibernate.dialect' (remove the property setting and it will be selected by default)
2025-07-10 23:15:12.320 INFO  o.h.e.j.e.i.JdbcEnvironmentInitiator:163 - HHH10001005: Database info:
	Database JDBC URL [Connecting through datasource 'HikariDataSource (HikariPool-1)']
	Database driver: undefined/unknown
	Database version: 8.0.33
	Autocommit mode: undefined/unknown
	Isolation level: undefined/unknown
	Minimum pool size: undefined/unknown
	Maximum pool size: undefined/unknown
2025-07-10 23:15:13.463 INFO  o.h.e.t.j.p.i.JtaPlatformInitiator:59 - HHH000489: No JTA platform available (set 'hibernate.transaction.jta.platform' to enable JTA platform integration)
2025-07-10 23:15:13.542 INFO  o.s.o.j.AbstractEntityManagerFactoryBean:447 - Initialized JPA EntityManagerFactory for persistence unit 'default'
2025-07-10 23:15:14.056 INFO  o.s.s.c.a.a.c.InitializeUserDetailsBeanManagerConfigurer$InitializeUserDetailsManagerConfigurer:110 - Global AuthenticationManager configured with UserDetailsService bean with name customUserDetailsService
2025-07-10 23:15:14.114 WARN  o.s.b.a.o.j.JpaBaseConfiguration$JpaWebConfiguration:258 - spring.jpa.open-in-view is enabled by default. Therefore, database queries may be performed during view rendering. Explicitly configure spring.jpa.open-in-view to disable this warning
2025-07-10 23:15:14.830 INFO  o.a.j.l.DirectJDKLog:168 - Starting ProtocolHandler ["http-nio-8080"]
2025-07-10 23:15:14.851 INFO  o.s.b.w.e.t.TomcatWebServer:243 - Tomcat started on port 8080 (http) with context path '/'
2025-07-10 23:15:14.862 INFO  o.s.b.StartupInfoLogger:59 - Started BackendApplication in 6.436 seconds (process running for 6.86)
2025-07-10 23:15:14.867 INFO  c.p.b.BackendApplication:15 - PrepMentor AI Backend started successfully
2025-07-11 00:20:47.886 INFO  o.a.j.l.DirectJDKLog:168 - Initializing Spring DispatcherServlet 'dispatcherServlet'
2025-07-11 00:20:47.887 INFO  o.s.w.s.FrameworkServlet:532 - Initializing Servlet 'dispatcherServlet'
2025-07-11 00:20:47.890 INFO  o.s.w.s.FrameworkServlet:554 - Completed initialization in 2 ms
2025-07-11 00:21:55.007 INFO  o.h.v.i.u.Version:21 - HV000001: Hibernate Validator 8.0.2.Final
2025-07-11 00:21:55.177 INFO  o.s.b.StartupInfoLogger:53 - Starting BackendApplication using Java 17.0.9 with PID 21824 (C:\Users\WT\Desktop\prep-mentor-ai\backend\build\classes\java\main started by WT in C:\Users\WT\Desktop\prep-mentor-ai\backend)
2025-07-11 00:21:55.179 INFO  o.s.b.SpringApplication:652 - No active profile set, falling back to 1 default profile: "default"
2025-07-11 00:21:56.435 INFO  o.s.d.r.c.RepositoryConfigurationDelegate:145 - Bootstrapping Spring Data JPA repositories in DEFAULT mode.
2025-07-11 00:21:56.525 INFO  o.s.d.r.c.RepositoryConfigurationDelegate:213 - Finished Spring Data repository scanning in 76 ms. Found 1 JPA repository interface.
2025-07-11 00:21:57.723 INFO  o.s.b.w.e.t.TomcatWebServer:111 - Tomcat initialized with port 8080 (http)
2025-07-11 00:21:57.742 INFO  o.a.j.l.DirectJDKLog:168 - Initializing ProtocolHandler ["http-nio-8080"]
2025-07-11 00:21:57.746 INFO  o.a.j.l.DirectJDKLog:168 - Starting service [Tomcat]
2025-07-11 00:21:57.747 INFO  o.a.j.l.DirectJDKLog:168 - Starting Servlet engine: [Apache Tomcat/10.1.42]
2025-07-11 00:21:57.863 INFO  o.a.j.l.DirectJDKLog:168 - Initializing Spring embedded WebApplicationContext
2025-07-11 00:21:57.866 INFO  o.s.b.w.s.c.ServletWebServerApplicationContext:301 - Root WebApplicationContext: initialization completed in 2610 ms
2025-07-11 00:21:58.087 INFO  o.h.j.i.u.LogHelper:31 - HHH000204: Processing PersistenceUnitInfo [name: default]
2025-07-11 00:21:58.155 INFO  o.h.Version:44 - HHH000412: Hibernate ORM core version 6.6.18.Final
2025-07-11 00:21:58.242 INFO  o.h.c.i.RegionFactoryInitiator:50 - HHH000026: Second-level cache disabled
2025-07-11 00:21:58.631 INFO  o.s.o.j.p.SpringPersistenceUnitInfo:87 - No LoadTimeWeaver setup: ignoring JPA class transformer
2025-07-11 00:21:58.680 INFO  c.z.h.HikariDataSource:109 - HikariPool-1 - Starting...
2025-07-11 00:21:58.899 INFO  c.z.h.p.HikariPool:575 - HikariPool-1 - Added connection com.mysql.cj.jdbc.ConnectionImpl@11cadb32
2025-07-11 00:21:58.902 INFO  c.z.h.HikariDataSource:122 - HikariPool-1 - Start completed.
2025-07-11 00:21:58.988 WARN  o.h.e.j.d.i.DialectFactoryImpl:153 - HHH90000025: MySQLDialect does not need to be specified explicitly using 'hibernate.dialect' (remove the property setting and it will be selected by default)
2025-07-11 00:21:59.036 INFO  o.h.e.j.e.i.JdbcEnvironmentInitiator:163 - HHH10001005: Database info:
	Database JDBC URL [Connecting through datasource 'HikariDataSource (HikariPool-1)']
	Database driver: undefined/unknown
	Database version: 8.0.33
	Autocommit mode: undefined/unknown
	Isolation level: undefined/unknown
	Minimum pool size: undefined/unknown
	Maximum pool size: undefined/unknown
2025-07-11 00:22:00.231 INFO  o.h.e.t.j.p.i.JtaPlatformInitiator:59 - HHH000489: No JTA platform available (set 'hibernate.transaction.jta.platform' to enable JTA platform integration)
2025-07-11 00:22:00.284 INFO  o.s.o.j.AbstractEntityManagerFactoryBean:447 - Initialized JPA EntityManagerFactory for persistence unit 'default'
2025-07-11 00:22:00.729 INFO  o.s.s.c.a.a.c.InitializeUserDetailsBeanManagerConfigurer$InitializeUserDetailsManagerConfigurer:110 - Global AuthenticationManager configured with UserDetailsService bean with name customUserDetailsService
2025-07-11 00:22:00.779 WARN  o.s.b.a.o.j.JpaBaseConfiguration$JpaWebConfiguration:258 - spring.jpa.open-in-view is enabled by default. Therefore, database queries may be performed during view rendering. Explicitly configure spring.jpa.open-in-view to disable this warning
2025-07-11 00:22:01.443 INFO  o.a.j.l.DirectJDKLog:168 - Starting ProtocolHandler ["http-nio-8080"]
2025-07-11 00:22:01.468 INFO  o.s.b.w.e.t.TomcatWebServer:243 - Tomcat started on port 8080 (http) with context path '/'
2025-07-11 00:22:01.479 INFO  o.s.b.StartupInfoLogger:59 - Started BackendApplication in 7.016 seconds (process running for 7.59)
2025-07-11 00:22:01.482 INFO  c.p.b.BackendApplication:15 - PrepMentor AI Backend started successfully
2025-07-11 00:27:18.378 INFO  o.a.j.l.DirectJDKLog:168 - Initializing Spring DispatcherServlet 'dispatcherServlet'
2025-07-11 00:27:18.379 INFO  o.s.w.s.FrameworkServlet:532 - Initializing Servlet 'dispatcherServlet'
2025-07-11 00:27:18.381 INFO  o.s.w.s.FrameworkServlet:554 - Completed initialization in 1 ms
2025-07-11 00:28:17.034 WARN  o.s.w.s.h.AbstractHandlerExceptionResolver:254 - Resolved [org.springframework.web.HttpRequestMethodNotSupportedException: Request method 'GET' is not supported]
2025-07-11 00:30:33.650 WARN  o.s.w.s.h.AbstractHandlerExceptionResolver:254 - Resolved [org.springframework.web.HttpRequestMethodNotSupportedException: Request method 'GET' is not supported]
2025-07-11 01:47:08.414 WARN  o.s.w.s.h.AbstractHandlerExceptionResolver:254 - Resolved [org.springframework.http.converter.HttpMessageNotReadableException: JSON parse error: Illegal unquoted character ((CTRL-CHAR, code 13)): has to be escaped using backslash to be included in name]
2025-07-11 01:52:36.433 INFO  o.h.v.i.u.Version:21 - HV000001: Hibernate Validator 8.0.2.Final
2025-07-11 01:52:36.514 INFO  o.s.b.StartupInfoLogger:53 - Starting BackendApplication using Java 17.0.9 with PID 21312 (C:\Users\WT\Desktop\prep-mentor-ai\backend\build\classes\java\main started by WT in C:\Users\WT\Desktop\prep-mentor-ai\backend)
2025-07-11 01:52:36.516 INFO  o.s.b.SpringApplication:652 - No active profile set, falling back to 1 default profile: "default"
2025-07-11 01:52:37.599 INFO  o.s.d.r.c.RepositoryConfigurationDelegate:145 - Bootstrapping Spring Data JPA repositories in DEFAULT mode.
2025-07-11 01:52:37.689 INFO  o.s.d.r.c.RepositoryConfigurationDelegate:213 - Finished Spring Data repository scanning in 74 ms. Found 1 JPA repository interface.
2025-07-11 01:52:38.627 INFO  o.s.b.w.e.t.TomcatWebServer:111 - Tomcat initialized with port 8080 (http)
2025-07-11 01:52:38.643 INFO  o.a.j.l.DirectJDKLog:168 - Initializing ProtocolHandler ["http-nio-8080"]
2025-07-11 01:52:38.645 INFO  o.a.j.l.DirectJDKLog:168 - Starting service [Tomcat]
2025-07-11 01:52:38.646 INFO  o.a.j.l.DirectJDKLog:168 - Starting Servlet engine: [Apache Tomcat/10.1.42]
2025-07-11 01:52:38.727 INFO  o.a.j.l.DirectJDKLog:168 - Initializing Spring embedded WebApplicationContext
2025-07-11 01:52:38.729 INFO  o.s.b.w.s.c.ServletWebServerApplicationContext:301 - Root WebApplicationContext: initialization completed in 2153 ms
2025-07-11 01:52:38.910 INFO  o.h.j.i.u.LogHelper:31 - HHH000204: Processing PersistenceUnitInfo [name: default]
2025-07-11 01:52:38.986 INFO  o.h.Version:44 - HHH000412: Hibernate ORM core version 6.6.18.Final
2025-07-11 01:52:39.045 INFO  o.h.c.i.RegionFactoryInitiator:50 - HHH000026: Second-level cache disabled
2025-07-11 01:52:39.456 INFO  o.s.o.j.p.SpringPersistenceUnitInfo:87 - No LoadTimeWeaver setup: ignoring JPA class transformer
2025-07-11 01:52:39.496 INFO  c.z.h.HikariDataSource:109 - HikariPool-1 - Starting...
2025-07-11 01:52:39.704 INFO  c.z.h.p.HikariPool:575 - HikariPool-1 - Added connection com.mysql.cj.jdbc.ConnectionImpl@324e8baa
2025-07-11 01:52:39.706 INFO  c.z.h.HikariDataSource:122 - HikariPool-1 - Start completed.
2025-07-11 01:52:39.757 WARN  o.h.e.j.d.i.DialectFactoryImpl:153 - HHH90000025: MySQLDialect does not need to be specified explicitly using 'hibernate.dialect' (remove the property setting and it will be selected by default)
2025-07-11 01:52:39.779 INFO  o.h.e.j.e.i.JdbcEnvironmentInitiator:163 - HHH10001005: Database info:
	Database JDBC URL [Connecting through datasource 'HikariDataSource (HikariPool-1)']
	Database driver: undefined/unknown
	Database version: 8.0.33
	Autocommit mode: undefined/unknown
	Isolation level: undefined/unknown
	Minimum pool size: undefined/unknown
	Maximum pool size: undefined/unknown
2025-07-11 01:52:40.739 INFO  o.h.e.t.j.p.i.JtaPlatformInitiator:59 - HHH000489: No JTA platform available (set 'hibernate.transaction.jta.platform' to enable JTA platform integration)
2025-07-11 01:52:40.803 INFO  o.s.o.j.AbstractEntityManagerFactoryBean:447 - Initialized JPA EntityManagerFactory for persistence unit 'default'
2025-07-11 01:52:41.244 INFO  o.s.s.c.a.a.c.InitializeUserDetailsBeanManagerConfigurer$InitializeUserDetailsManagerConfigurer:110 - Global AuthenticationManager configured with UserDetailsService bean with name customUserDetailsService
2025-07-11 01:52:41.322 WARN  o.s.b.a.o.j.JpaBaseConfiguration$JpaWebConfiguration:258 - spring.jpa.open-in-view is enabled by default. Therefore, database queries may be performed during view rendering. Explicitly configure spring.jpa.open-in-view to disable this warning
2025-07-11 01:52:42.007 INFO  o.a.j.l.DirectJDKLog:168 - Starting ProtocolHandler ["http-nio-8080"]
2025-07-11 01:52:42.033 INFO  o.s.b.w.e.t.TomcatWebServer:243 - Tomcat started on port 8080 (http) with context path '/'
2025-07-11 01:52:42.042 INFO  o.s.b.StartupInfoLogger:59 - Started BackendApplication in 6.269 seconds (process running for 6.753)
2025-07-11 01:52:42.045 INFO  c.p.b.BackendApplication:15 - PrepMentor AI Backend started successfully
2025-07-11 01:52:44.805 INFO  o.a.j.l.DirectJDKLog:168 - Initializing Spring DispatcherServlet 'dispatcherServlet'
2025-07-11 01:52:44.806 INFO  o.s.w.s.FrameworkServlet:532 - Initializing Servlet 'dispatcherServlet'
2025-07-11 01:52:44.810 INFO  o.s.w.s.FrameworkServlet:554 - Completed initialization in 2 ms
2025-07-11 01:52:45.169 WARN  o.s.w.s.h.AbstractHandlerExceptionResolver:254 - Resolved [org.springframework.web.bind.MethodArgumentNotValidException: Validation failed for argument [0] in public org.springframework.http.ResponseEntity<com.prepmentor.backend.common.ApiResponse<java.lang.String>> com.prepmentor.backend.controller.AuthController.register(com.prepmentor.backend.dto.RegisterRequest) with 2 errors: [Field error in object 'registerRequest' on field 'email': rejected value [null]; codes [NotBlank.registerRequest.email,NotBlank.email,NotBlank.java.lang.String,NotBlank]; arguments [org.springframework.context.support.DefaultMessageSourceResolvable: codes [registerRequest.email,email]; arguments []; default message [email]]; default message [Email is required]] [Field error in object 'registerRequest' on field 'name': rejected value [null]; codes [NotBlank.registerRequest.name,NotBlank.name,NotBlank.java.lang.String,NotBlank]; arguments [org.springframework.context.support.DefaultMessageSourceResolvable: codes [registerRequest.name,name]; arguments []; default message [name]]; default message [Name is required]] ]
2025-07-11 01:57:38.247 WARN  o.s.w.s.h.AbstractHandlerExceptionResolver:254 - Resolved [org.springframework.web.bind.MethodArgumentNotValidException: Validation failed for argument [0] in public org.springframework.http.ResponseEntity<com.prepmentor.backend.common.ApiResponse<java.lang.String>> com.prepmentor.backend.controller.AuthController.register(com.prepmentor.backend.dto.RegisterRequest) with 2 errors: [Field error in object 'registerRequest' on field 'email': rejected value [null]; codes [NotBlank.registerRequest.email,NotBlank.email,NotBlank.java.lang.String,NotBlank]; arguments [org.springframework.context.support.DefaultMessageSourceResolvable: codes [registerRequest.email,email]; arguments []; default message [email]]; default message [Email is required]] [Field error in object 'registerRequest' on field 'name': rejected value [null]; codes [NotBlank.registerRequest.name,NotBlank.name,NotBlank.java.lang.String,NotBlank]; arguments [org.springframework.context.support.DefaultMessageSourceResolvable: codes [registerRequest.name,name]; arguments []; default message [name]]; default message [Name is required]] ]
2025-07-11 01:57:47.676 INFO  o.h.v.i.u.Version:21 - HV000001: Hibernate Validator 8.0.2.Final
2025-07-11 01:57:47.773 INFO  o.s.b.StartupInfoLogger:53 - Starting BackendApplication using Java 17.0.9 with PID 5328 (C:\Users\WT\Desktop\prep-mentor-ai\backend\build\classes\java\main started by WT in C:\Users\WT\Desktop\prep-mentor-ai\backend)
2025-07-11 01:57:47.775 INFO  o.s.b.SpringApplication:652 - No active profile set, falling back to 1 default profile: "default"
2025-07-11 01:57:48.796 INFO  o.s.d.r.c.RepositoryConfigurationDelegate:145 - Bootstrapping Spring Data JPA repositories in DEFAULT mode.
2025-07-11 01:57:48.903 INFO  o.s.d.r.c.RepositoryConfigurationDelegate:213 - Finished Spring Data repository scanning in 90 ms. Found 1 JPA repository interface.
2025-07-11 01:57:49.675 INFO  o.s.b.w.e.t.TomcatWebServer:111 - Tomcat initialized with port 8080 (http)
2025-07-11 01:57:49.690 INFO  o.a.j.l.DirectJDKLog:168 - Initializing ProtocolHandler ["http-nio-8080"]
2025-07-11 01:57:49.694 INFO  o.a.j.l.DirectJDKLog:168 - Starting service [Tomcat]
2025-07-11 01:57:49.694 INFO  o.a.j.l.DirectJDKLog:168 - Starting Servlet engine: [Apache Tomcat/10.1.42]
2025-07-11 01:57:49.773 INFO  o.a.j.l.DirectJDKLog:168 - Initializing Spring embedded WebApplicationContext
2025-07-11 01:57:49.774 INFO  o.s.b.w.s.c.ServletWebServerApplicationContext:301 - Root WebApplicationContext: initialization completed in 1923 ms
2025-07-11 01:57:49.986 INFO  o.h.j.i.u.LogHelper:31 - HHH000204: Processing PersistenceUnitInfo [name: default]
2025-07-11 01:57:50.043 INFO  o.h.Version:44 - HHH000412: Hibernate ORM core version 6.6.18.Final
2025-07-11 01:57:50.099 INFO  o.h.c.i.RegionFactoryInitiator:50 - HHH000026: Second-level cache disabled
2025-07-11 01:57:50.442 INFO  o.s.o.j.p.SpringPersistenceUnitInfo:87 - No LoadTimeWeaver setup: ignoring JPA class transformer
2025-07-11 01:57:50.477 INFO  c.z.h.HikariDataSource:109 - HikariPool-1 - Starting...
2025-07-11 01:57:50.666 INFO  c.z.h.p.HikariPool:575 - HikariPool-1 - Added connection com.mysql.cj.jdbc.ConnectionImpl@3cbfdf5c
2025-07-11 01:57:50.668 INFO  c.z.h.HikariDataSource:122 - HikariPool-1 - Start completed.
2025-07-11 01:57:50.728 WARN  o.h.e.j.d.i.DialectFactoryImpl:153 - HHH90000025: MySQLDialect does not need to be specified explicitly using 'hibernate.dialect' (remove the property setting and it will be selected by default)
2025-07-11 01:57:50.755 INFO  o.h.e.j.e.i.JdbcEnvironmentInitiator:163 - HHH10001005: Database info:
	Database JDBC URL [Connecting through datasource 'HikariDataSource (HikariPool-1)']
	Database driver: undefined/unknown
	Database version: 8.0.33
	Autocommit mode: undefined/unknown
	Isolation level: undefined/unknown
	Minimum pool size: undefined/unknown
	Maximum pool size: undefined/unknown
2025-07-11 01:57:51.736 INFO  o.h.e.t.j.p.i.JtaPlatformInitiator:59 - HHH000489: No JTA platform available (set 'hibernate.transaction.jta.platform' to enable JTA platform integration)
2025-07-11 01:57:51.783 INFO  o.s.o.j.AbstractEntityManagerFactoryBean:447 - Initialized JPA EntityManagerFactory for persistence unit 'default'
2025-07-11 01:57:52.231 INFO  o.s.s.c.a.a.c.InitializeUserDetailsBeanManagerConfigurer$InitializeUserDetailsManagerConfigurer:110 - Global AuthenticationManager configured with UserDetailsService bean with name customUserDetailsService
2025-07-11 01:57:52.276 WARN  o.s.b.a.o.j.JpaBaseConfiguration$JpaWebConfiguration:258 - spring.jpa.open-in-view is enabled by default. Therefore, database queries may be performed during view rendering. Explicitly configure spring.jpa.open-in-view to disable this warning
2025-07-11 01:57:52.909 INFO  o.a.j.l.DirectJDKLog:168 - Starting ProtocolHandler ["http-nio-8080"]
2025-07-11 01:57:52.932 INFO  o.s.b.w.e.t.TomcatWebServer:243 - Tomcat started on port 8080 (http) with context path '/'
2025-07-11 01:57:52.942 INFO  o.s.b.StartupInfoLogger:59 - Started BackendApplication in 5.91 seconds (process running for 6.385)
2025-07-11 01:57:52.945 INFO  c.p.b.BackendApplication:15 - PrepMentor AI Backend started successfully
2025-07-11 01:57:57.957 INFO  o.a.j.l.DirectJDKLog:168 - Initializing Spring DispatcherServlet 'dispatcherServlet'
2025-07-11 01:57:57.958 INFO  o.s.w.s.FrameworkServlet:532 - Initializing Servlet 'dispatcherServlet'
2025-07-11 01:57:57.961 INFO  o.s.w.s.FrameworkServlet:554 - Completed initialization in 3 ms
2025-07-11 01:58:05.139 WARN  o.s.w.s.h.AbstractHandlerExceptionResolver:254 - Resolved [org.springframework.http.converter.HttpMessageNotReadableException: JSON parse error: Unexpected character ('d' (code 100)): was expecting double-quote to start field name]
2025-07-11 02:01:10.371 INFO  o.h.v.i.u.Version:21 - HV000001: Hibernate Validator 8.0.2.Final
2025-07-11 02:01:10.511 INFO  o.s.b.StartupInfoLogger:53 - Starting BackendApplication using Java 17.0.9 with PID 22088 (C:\Users\WT\Desktop\prep-mentor-ai\backend\build\classes\java\main started by WT in C:\Users\WT\Desktop\prep-mentor-ai\backend)
2025-07-11 02:01:10.513 INFO  o.s.b.SpringApplication:652 - No active profile set, falling back to 1 default profile: "default"
2025-07-11 02:01:12.116 INFO  o.s.d.r.c.RepositoryConfigurationDelegate:145 - Bootstrapping Spring Data JPA repositories in DEFAULT mode.
2025-07-11 02:01:12.229 INFO  o.s.d.r.c.RepositoryConfigurationDelegate:213 - Finished Spring Data repository scanning in 98 ms. Found 1 JPA repository interface.
2025-07-11 02:01:13.457 INFO  o.s.b.w.e.t.TomcatWebServer:111 - Tomcat initialized with port 8080 (http)
2025-07-11 02:01:13.479 INFO  o.a.j.l.DirectJDKLog:168 - Initializing ProtocolHandler ["http-nio-8080"]
2025-07-11 02:01:13.481 INFO  o.a.j.l.DirectJDKLog:168 - Starting service [Tomcat]
2025-07-11 02:01:13.482 INFO  o.a.j.l.DirectJDKLog:168 - Starting Servlet engine: [Apache Tomcat/10.1.42]
2025-07-11 02:01:13.588 INFO  o.a.j.l.DirectJDKLog:168 - Initializing Spring embedded WebApplicationContext
2025-07-11 02:01:13.590 INFO  o.s.b.w.s.c.ServletWebServerApplicationContext:301 - Root WebApplicationContext: initialization completed in 2989 ms
2025-07-11 02:01:13.817 INFO  o.h.j.i.u.LogHelper:31 - HHH000204: Processing PersistenceUnitInfo [name: default]
2025-07-11 02:01:13.913 INFO  o.h.Version:44 - HHH000412: Hibernate ORM core version 6.6.18.Final
2025-07-11 02:01:13.976 INFO  o.h.c.i.RegionFactoryInitiator:50 - HHH000026: Second-level cache disabled
2025-07-11 02:01:14.436 INFO  o.s.o.j.p.SpringPersistenceUnitInfo:87 - No LoadTimeWeaver setup: ignoring JPA class transformer
2025-07-11 02:01:14.496 INFO  c.z.h.HikariDataSource:109 - HikariPool-1 - Starting...
2025-07-11 02:01:14.834 INFO  c.z.h.p.HikariPool:575 - HikariPool-1 - Added connection com.mysql.cj.jdbc.ConnectionImpl@772f3a3f
2025-07-11 02:01:14.839 INFO  c.z.h.HikariDataSource:122 - HikariPool-1 - Start completed.
2025-07-11 02:01:14.932 WARN  o.h.e.j.d.i.DialectFactoryImpl:153 - HHH90000025: MySQLDialect does not need to be specified explicitly using 'hibernate.dialect' (remove the property setting and it will be selected by default)
2025-07-11 02:01:15.006 INFO  o.h.e.j.e.i.JdbcEnvironmentInitiator:163 - HHH10001005: Database info:
	Database JDBC URL [Connecting through datasource 'HikariDataSource (HikariPool-1)']
	Database driver: undefined/unknown
	Database version: 8.0.33
	Autocommit mode: undefined/unknown
	Isolation level: undefined/unknown
	Minimum pool size: undefined/unknown
	Maximum pool size: undefined/unknown
2025-07-11 02:01:16.268 INFO  o.h.e.t.j.p.i.JtaPlatformInitiator:59 - HHH000489: No JTA platform available (set 'hibernate.transaction.jta.platform' to enable JTA platform integration)
2025-07-11 02:01:16.333 INFO  o.s.o.j.AbstractEntityManagerFactoryBean:447 - Initialized JPA EntityManagerFactory for persistence unit 'default'
2025-07-11 02:01:16.825 INFO  o.s.s.c.a.a.c.InitializeUserDetailsBeanManagerConfigurer$InitializeUserDetailsManagerConfigurer:110 - Global AuthenticationManager configured with UserDetailsService bean with name customUserDetailsService
2025-07-11 02:01:17.025 WARN  o.s.b.a.o.j.JpaBaseConfiguration$JpaWebConfiguration:258 - spring.jpa.open-in-view is enabled by default. Therefore, database queries may be performed during view rendering. Explicitly configure spring.jpa.open-in-view to disable this warning
2025-07-11 02:01:18.205 INFO  o.a.j.l.DirectJDKLog:168 - Starting ProtocolHandler ["http-nio-8080"]
2025-07-11 02:01:18.235 INFO  o.s.b.w.e.t.TomcatWebServer:243 - Tomcat started on port 8080 (http) with context path '/'
2025-07-11 02:01:18.250 INFO  o.s.b.StartupInfoLogger:59 - Started BackendApplication in 8.572 seconds (process running for 9.218)
2025-07-11 02:01:18.257 INFO  c.p.b.BackendApplication:15 - PrepMentor AI Backend started successfully
2025-07-11 02:01:18.364 INFO  o.a.j.l.DirectJDKLog:168 - Initializing Spring DispatcherServlet 'dispatcherServlet'
2025-07-11 02:01:18.365 INFO  o.s.w.s.FrameworkServlet:532 - Initializing Servlet 'dispatcherServlet'
2025-07-11 02:01:18.368 INFO  o.s.w.s.FrameworkServlet:554 - Completed initialization in 2 ms
2025-07-11 02:05:48.235 INFO  o.h.v.i.u.Version:21 - HV000001: Hibernate Validator 8.0.2.Final
2025-07-11 02:05:48.307 INFO  o.s.b.StartupInfoLogger:53 - Starting BackendApplication using Java 17.0.9 with PID 24520 (C:\Users\WT\Desktop\prep-mentor-ai\backend\build\classes\java\main started by WT in C:\Users\WT\Desktop\prep-mentor-ai\backend)
2025-07-11 02:05:48.311 INFO  o.s.b.SpringApplication:652 - No active profile set, falling back to 1 default profile: "default"
2025-07-11 02:05:49.570 INFO  o.s.d.r.c.RepositoryConfigurationDelegate:145 - Bootstrapping Spring Data JPA repositories in DEFAULT mode.
2025-07-11 02:05:49.648 INFO  o.s.d.r.c.RepositoryConfigurationDelegate:213 - Finished Spring Data repository scanning in 67 ms. Found 1 JPA repository interface.
2025-07-11 02:05:50.491 INFO  o.s.b.w.e.t.TomcatWebServer:111 - Tomcat initialized with port 8080 (http)
2025-07-11 02:05:50.509 INFO  o.a.j.l.DirectJDKLog:168 - Initializing ProtocolHandler ["http-nio-8080"]
2025-07-11 02:05:50.514 INFO  o.a.j.l.DirectJDKLog:168 - Starting service [Tomcat]
2025-07-11 02:05:50.515 INFO  o.a.j.l.DirectJDKLog:168 - Starting Servlet engine: [Apache Tomcat/10.1.42]
2025-07-11 02:05:50.606 INFO  o.a.j.l.DirectJDKLog:168 - Initializing Spring embedded WebApplicationContext
2025-07-11 02:05:50.608 INFO  o.s.b.w.s.c.ServletWebServerApplicationContext:301 - Root WebApplicationContext: initialization completed in 2234 ms
2025-07-11 02:05:50.819 INFO  o.h.j.i.u.LogHelper:31 - HHH000204: Processing PersistenceUnitInfo [name: default]
2025-07-11 02:05:50.897 INFO  o.h.Version:44 - HHH000412: Hibernate ORM core version 6.6.18.Final
2025-07-11 02:05:50.949 INFO  o.h.c.i.RegionFactoryInitiator:50 - HHH000026: Second-level cache disabled
2025-07-11 02:05:51.399 INFO  o.s.o.j.p.SpringPersistenceUnitInfo:87 - No LoadTimeWeaver setup: ignoring JPA class transformer
2025-07-11 02:05:51.442 INFO  c.z.h.HikariDataSource:109 - HikariPool-1 - Starting...
2025-07-11 02:05:51.663 INFO  c.z.h.p.HikariPool:575 - HikariPool-1 - Added connection com.mysql.cj.jdbc.ConnectionImpl@436a563f
2025-07-11 02:05:51.667 INFO  c.z.h.HikariDataSource:122 - HikariPool-1 - Start completed.
2025-07-11 02:05:51.735 WARN  o.h.e.j.d.i.DialectFactoryImpl:153 - HHH90000025: MySQLDialect does not need to be specified explicitly using 'hibernate.dialect' (remove the property setting and it will be selected by default)
2025-07-11 02:05:51.765 INFO  o.h.e.j.e.i.JdbcEnvironmentInitiator:163 - HHH10001005: Database info:
	Database JDBC URL [Connecting through datasource 'HikariDataSource (HikariPool-1)']
	Database driver: undefined/unknown
	Database version: 8.0.33
	Autocommit mode: undefined/unknown
	Isolation level: undefined/unknown
	Minimum pool size: undefined/unknown
	Maximum pool size: undefined/unknown
2025-07-11 02:05:52.834 INFO  o.h.e.t.j.p.i.JtaPlatformInitiator:59 - HHH000489: No JTA platform available (set 'hibernate.transaction.jta.platform' to enable JTA platform integration)
2025-07-11 02:05:52.886 INFO  o.s.o.j.AbstractEntityManagerFactoryBean:447 - Initialized JPA EntityManagerFactory for persistence unit 'default'
2025-07-11 02:05:53.393 INFO  o.s.s.c.a.a.c.InitializeUserDetailsBeanManagerConfigurer$InitializeUserDetailsManagerConfigurer:110 - Global AuthenticationManager configured with UserDetailsService bean with name customUserDetailsService
2025-07-11 02:05:53.547 WARN  o.s.b.a.o.j.JpaBaseConfiguration$JpaWebConfiguration:258 - spring.jpa.open-in-view is enabled by default. Therefore, database queries may be performed during view rendering. Explicitly configure spring.jpa.open-in-view to disable this warning
2025-07-11 02:05:54.346 INFO  o.a.j.l.DirectJDKLog:168 - Starting ProtocolHandler ["http-nio-8080"]
2025-07-11 02:05:54.369 INFO  o.s.b.w.e.t.TomcatWebServer:243 - Tomcat started on port 8080 (http) with context path '/'
2025-07-11 02:05:54.381 INFO  o.s.b.StartupInfoLogger:59 - Started BackendApplication in 6.716 seconds (process running for 7.176)
2025-07-11 02:05:54.384 INFO  c.p.b.BackendApplication:15 - PrepMentor AI Backend started successfully
2025-07-11 02:06:18.833 INFO  o.a.j.l.DirectJDKLog:168 - Initializing Spring DispatcherServlet 'dispatcherServlet'
2025-07-11 02:06:18.833 INFO  o.s.w.s.FrameworkServlet:532 - Initializing Servlet 'dispatcherServlet'
2025-07-11 02:06:18.836 INFO  o.s.w.s.FrameworkServlet:554 - Completed initialization in 3 ms
2025-07-11 02:10:30.184 INFO  o.h.v.i.u.Version:21 - HV000001: Hibernate Validator 8.0.2.Final
2025-07-11 02:10:30.264 INFO  o.s.b.StartupInfoLogger:53 - Starting BackendApplication using Java 17.0.9 with PID 21028 (C:\Users\WT\Desktop\prep-mentor-ai\backend\build\classes\java\main started by WT in C:\Users\WT\Desktop\prep-mentor-ai\backend)
2025-07-11 02:10:30.266 INFO  o.s.b.SpringApplication:652 - No active profile set, falling back to 1 default profile: "default"
2025-07-11 02:10:31.550 INFO  o.s.d.r.c.RepositoryConfigurationDelegate:145 - Bootstrapping Spring Data JPA repositories in DEFAULT mode.
2025-07-11 02:10:31.633 INFO  o.s.d.r.c.RepositoryConfigurationDelegate:213 - Finished Spring Data repository scanning in 70 ms. Found 1 JPA repository interface.
2025-07-11 02:10:32.555 INFO  o.s.b.w.e.t.TomcatWebServer:111 - Tomcat initialized with port 8080 (http)
2025-07-11 02:10:32.571 INFO  o.a.j.l.DirectJDKLog:168 - Initializing ProtocolHandler ["http-nio-8080"]
2025-07-11 02:10:32.575 INFO  o.a.j.l.DirectJDKLog:168 - Starting service [Tomcat]
2025-07-11 02:10:32.575 INFO  o.a.j.l.DirectJDKLog:168 - Starting Servlet engine: [Apache Tomcat/10.1.42]
2025-07-11 02:10:32.658 INFO  o.a.j.l.DirectJDKLog:168 - Initializing Spring embedded WebApplicationContext
2025-07-11 02:10:32.660 INFO  o.s.b.w.s.c.ServletWebServerApplicationContext:301 - Root WebApplicationContext: initialization completed in 2304 ms
2025-07-11 02:10:32.861 INFO  o.h.j.i.u.LogHelper:31 - HHH000204: Processing PersistenceUnitInfo [name: default]
2025-07-11 02:10:32.941 INFO  o.h.Version:44 - HHH000412: Hibernate ORM core version 6.6.18.Final
2025-07-11 02:10:32.993 INFO  o.h.c.i.RegionFactoryInitiator:50 - HHH000026: Second-level cache disabled
2025-07-11 02:10:33.443 INFO  o.s.o.j.p.SpringPersistenceUnitInfo:87 - No LoadTimeWeaver setup: ignoring JPA class transformer
2025-07-11 02:10:33.485 INFO  c.z.h.HikariDataSource:109 - HikariPool-1 - Starting...
2025-07-11 02:10:33.670 INFO  c.z.h.p.HikariPool:575 - HikariPool-1 - Added connection com.mysql.cj.jdbc.ConnectionImpl@4dac40b
2025-07-11 02:10:33.673 INFO  c.z.h.HikariDataSource:122 - HikariPool-1 - Start completed.
2025-07-11 02:10:33.740 WARN  o.h.e.j.d.i.DialectFactoryImpl:153 - HHH90000025: MySQLDialect does not need to be specified explicitly using 'hibernate.dialect' (remove the property setting and it will be selected by default)
2025-07-11 02:10:33.775 INFO  o.h.e.j.e.i.JdbcEnvironmentInitiator:163 - HHH10001005: Database info:
	Database JDBC URL [Connecting through datasource 'HikariDataSource (HikariPool-1)']
	Database driver: undefined/unknown
	Database version: 8.0.33
	Autocommit mode: undefined/unknown
	Isolation level: undefined/unknown
	Minimum pool size: undefined/unknown
	Maximum pool size: undefined/unknown
2025-07-11 02:10:34.850 INFO  o.h.e.t.j.p.i.JtaPlatformInitiator:59 - HHH000489: No JTA platform available (set 'hibernate.transaction.jta.platform' to enable JTA platform integration)
2025-07-11 02:10:34.896 INFO  o.s.o.j.AbstractEntityManagerFactoryBean:447 - Initialized JPA EntityManagerFactory for persistence unit 'default'
2025-07-11 02:10:35.366 INFO  o.s.s.c.a.a.c.InitializeUserDetailsBeanManagerConfigurer$InitializeUserDetailsManagerConfigurer:110 - Global AuthenticationManager configured with UserDetailsService bean with name customUserDetailsService
2025-07-11 02:10:35.523 WARN  o.s.b.a.o.j.JpaBaseConfiguration$JpaWebConfiguration:258 - spring.jpa.open-in-view is enabled by default. Therefore, database queries may be performed during view rendering. Explicitly configure spring.jpa.open-in-view to disable this warning
2025-07-11 02:10:36.455 INFO  o.a.j.l.DirectJDKLog:168 - Starting ProtocolHandler ["http-nio-8080"]
2025-07-11 02:10:36.486 INFO  o.s.b.w.e.t.TomcatWebServer:243 - Tomcat started on port 8080 (http) with context path '/'
2025-07-11 02:10:36.502 INFO  o.s.b.StartupInfoLogger:59 - Started BackendApplication in 6.923 seconds (process running for 7.331)
2025-07-11 02:10:36.508 INFO  c.p.b.BackendApplication:15 - PrepMentor AI Backend started successfully
2025-07-11 02:10:36.579 INFO  o.a.j.l.DirectJDKLog:168 - Initializing Spring DispatcherServlet 'dispatcherServlet'
2025-07-11 02:10:36.580 INFO  o.s.w.s.FrameworkServlet:532 - Initializing Servlet 'dispatcherServlet'
2025-07-11 02:10:36.583 INFO  o.s.w.s.FrameworkServlet:554 - Completed initialization in 1 ms
2025-07-11 02:11:40.224 INFO  o.h.v.i.u.Version:21 - HV000001: Hibernate Validator 8.0.2.Final
2025-07-11 02:11:40.310 INFO  o.s.b.StartupInfoLogger:53 - Starting BackendApplication using Java 17.0.9 with PID 23980 (C:\Users\WT\Desktop\prep-mentor-ai\backend\build\classes\java\main started by WT in C:\Users\WT\Desktop\prep-mentor-ai\backend)
2025-07-11 02:11:40.311 INFO  o.s.b.SpringApplication:652 - No active profile set, falling back to 1 default profile: "default"
2025-07-11 02:11:41.605 INFO  o.s.d.r.c.RepositoryConfigurationDelegate:145 - Bootstrapping Spring Data JPA repositories in DEFAULT mode.
2025-07-11 02:11:41.723 INFO  o.s.d.r.c.RepositoryConfigurationDelegate:213 - Finished Spring Data repository scanning in 98 ms. Found 1 JPA repository interface.
2025-07-11 02:11:42.890 INFO  o.s.b.w.e.t.TomcatWebServer:111 - Tomcat initialized with port 8080 (http)
2025-07-11 02:11:42.911 INFO  o.a.j.l.DirectJDKLog:168 - Initializing ProtocolHandler ["http-nio-8080"]
2025-07-11 02:11:42.915 INFO  o.a.j.l.DirectJDKLog:168 - Starting service [Tomcat]
2025-07-11 02:11:42.916 INFO  o.a.j.l.DirectJDKLog:168 - Starting Servlet engine: [Apache Tomcat/10.1.42]
2025-07-11 02:11:43.034 INFO  o.a.j.l.DirectJDKLog:168 - Initializing Spring embedded WebApplicationContext
2025-07-11 02:11:43.036 INFO  o.s.b.w.s.c.ServletWebServerApplicationContext:301 - Root WebApplicationContext: initialization completed in 2644 ms
2025-07-11 02:11:43.373 INFO  o.h.j.i.u.LogHelper:31 - HHH000204: Processing PersistenceUnitInfo [name: default]
2025-07-11 02:11:43.486 INFO  o.h.Version:44 - HHH000412: Hibernate ORM core version 6.6.18.Final
2025-07-11 02:11:43.539 INFO  o.h.c.i.RegionFactoryInitiator:50 - HHH000026: Second-level cache disabled
2025-07-11 02:11:44.082 INFO  o.s.o.j.p.SpringPersistenceUnitInfo:87 - No LoadTimeWeaver setup: ignoring JPA class transformer
2025-07-11 02:11:44.138 INFO  c.z.h.HikariDataSource:109 - HikariPool-1 - Starting...
2025-07-11 02:11:44.473 INFO  c.z.h.p.HikariPool:575 - HikariPool-1 - Added connection com.mysql.cj.jdbc.ConnectionImpl@5f20b6fe
2025-07-11 02:11:44.476 INFO  c.z.h.HikariDataSource:122 - HikariPool-1 - Start completed.
2025-07-11 02:11:44.559 WARN  o.h.e.j.d.i.DialectFactoryImpl:153 - HHH90000025: MySQLDialect does not need to be specified explicitly using 'hibernate.dialect' (remove the property setting and it will be selected by default)
2025-07-11 02:11:44.595 INFO  o.h.e.j.e.i.JdbcEnvironmentInitiator:163 - HHH10001005: Database info:
	Database JDBC URL [Connecting through datasource 'HikariDataSource (HikariPool-1)']
	Database driver: undefined/unknown
	Database version: 8.0.33
	Autocommit mode: undefined/unknown
	Isolation level: undefined/unknown
	Minimum pool size: undefined/unknown
	Maximum pool size: undefined/unknown
2025-07-11 02:11:46.232 INFO  o.h.e.t.j.p.i.JtaPlatformInitiator:59 - HHH000489: No JTA platform available (set 'hibernate.transaction.jta.platform' to enable JTA platform integration)
2025-07-11 02:11:46.296 INFO  o.s.o.j.AbstractEntityManagerFactoryBean:447 - Initialized JPA EntityManagerFactory for persistence unit 'default'
2025-07-11 02:11:46.961 INFO  o.s.s.c.a.a.c.InitializeUserDetailsBeanManagerConfigurer$InitializeUserDetailsManagerConfigurer:110 - Global AuthenticationManager configured with UserDetailsService bean with name customUserDetailsService
2025-07-11 02:11:47.212 WARN  o.s.b.a.o.j.JpaBaseConfiguration$JpaWebConfiguration:258 - spring.jpa.open-in-view is enabled by default. Therefore, database queries may be performed during view rendering. Explicitly configure spring.jpa.open-in-view to disable this warning
2025-07-11 02:11:48.476 INFO  o.a.j.l.DirectJDKLog:168 - Starting ProtocolHandler ["http-nio-8080"]
2025-07-11 02:11:48.509 INFO  o.s.b.w.e.t.TomcatWebServer:243 - Tomcat started on port 8080 (http) with context path '/'
2025-07-11 02:11:48.529 INFO  o.s.b.StartupInfoLogger:59 - Started BackendApplication in 8.857 seconds (process running for 9.272)
2025-07-11 02:11:48.535 INFO  c.p.b.BackendApplication:15 - PrepMentor AI Backend started successfully
2025-07-11 02:11:48.718 INFO  o.a.j.l.DirectJDKLog:168 - Initializing Spring DispatcherServlet 'dispatcherServlet'
2025-07-11 02:11:48.719 INFO  o.s.w.s.FrameworkServlet:532 - Initializing Servlet 'dispatcherServlet'
2025-07-11 02:11:48.721 INFO  o.s.w.s.FrameworkServlet:554 - Completed initialization in 2 ms
2025-07-11 02:11:49.131 WARN  o.a.j.l.DirectJDKLog:168 - Creation of SecureRandom instance for session ID generation using [SHA1PRNG] took [214] milliseconds.
2025-07-11 02:12:20.489 INFO  o.h.v.i.u.Version:21 - HV000001: Hibernate Validator 8.0.2.Final
2025-07-11 02:12:20.590 INFO  o.s.b.StartupInfoLogger:53 - Starting BackendApplication using Java 17.0.9 with PID 6164 (C:\Users\WT\Desktop\prep-mentor-ai\backend\build\classes\java\main started by WT in C:\Users\WT\Desktop\prep-mentor-ai\backend)
2025-07-11 02:12:20.592 INFO  o.s.b.SpringApplication:652 - No active profile set, falling back to 1 default profile: "default"
2025-07-11 02:12:21.838 INFO  o.s.d.r.c.RepositoryConfigurationDelegate:145 - Bootstrapping Spring Data JPA repositories in DEFAULT mode.
2025-07-11 02:12:21.913 INFO  o.s.d.r.c.RepositoryConfigurationDelegate:213 - Finished Spring Data repository scanning in 62 ms. Found 1 JPA repository interface.
2025-07-11 02:12:22.740 INFO  o.s.b.w.e.t.TomcatWebServer:111 - Tomcat initialized with port 8080 (http)
2025-07-11 02:12:22.753 INFO  o.a.j.l.DirectJDKLog:168 - Initializing ProtocolHandler ["http-nio-8080"]
2025-07-11 02:12:22.757 INFO  o.a.j.l.DirectJDKLog:168 - Starting service [Tomcat]
2025-07-11 02:12:22.757 INFO  o.a.j.l.DirectJDKLog:168 - Starting Servlet engine: [Apache Tomcat/10.1.42]
2025-07-11 02:12:22.844 INFO  o.a.j.l.DirectJDKLog:168 - Initializing Spring embedded WebApplicationContext
2025-07-11 02:12:22.845 INFO  o.s.b.w.s.c.ServletWebServerApplicationContext:301 - Root WebApplicationContext: initialization completed in 2162 ms
2025-07-11 02:12:23.046 INFO  o.h.j.i.u.LogHelper:31 - HHH000204: Processing PersistenceUnitInfo [name: default]
2025-07-11 02:12:23.120 INFO  o.h.Version:44 - HHH000412: Hibernate ORM core version 6.6.18.Final
2025-07-11 02:12:23.158 INFO  o.h.c.i.RegionFactoryInitiator:50 - HHH000026: Second-level cache disabled
2025-07-11 02:12:23.598 INFO  o.s.o.j.p.SpringPersistenceUnitInfo:87 - No LoadTimeWeaver setup: ignoring JPA class transformer
2025-07-11 02:12:23.648 INFO  c.z.h.HikariDataSource:109 - HikariPool-1 - Starting...
2025-07-11 02:12:23.895 INFO  c.z.h.p.HikariPool:575 - HikariPool-1 - Added connection com.mysql.cj.jdbc.ConnectionImpl@2c54c497
2025-07-11 02:12:23.899 INFO  c.z.h.HikariDataSource:122 - HikariPool-1 - Start completed.
2025-07-11 02:12:23.977 WARN  o.h.e.j.d.i.DialectFactoryImpl:153 - HHH90000025: MySQLDialect does not need to be specified explicitly using 'hibernate.dialect' (remove the property setting and it will be selected by default)
2025-07-11 02:12:24.029 INFO  o.h.e.j.e.i.JdbcEnvironmentInitiator:163 - HHH10001005: Database info:
	Database JDBC URL [Connecting through datasource 'HikariDataSource (HikariPool-1)']
	Database driver: undefined/unknown
	Database version: 8.0.33
	Autocommit mode: undefined/unknown
	Isolation level: undefined/unknown
	Minimum pool size: undefined/unknown
	Maximum pool size: undefined/unknown
2025-07-11 02:12:25.377 INFO  o.h.e.t.j.p.i.JtaPlatformInitiator:59 - HHH000489: No JTA platform available (set 'hibernate.transaction.jta.platform' to enable JTA platform integration)
2025-07-11 02:12:25.465 INFO  o.s.o.j.AbstractEntityManagerFactoryBean:447 - Initialized JPA EntityManagerFactory for persistence unit 'default'
2025-07-11 02:12:26.052 INFO  o.s.s.c.a.a.c.InitializeUserDetailsBeanManagerConfigurer$InitializeUserDetailsManagerConfigurer:110 - Global AuthenticationManager configured with UserDetailsService bean with name customUserDetailsService
2025-07-11 02:12:26.248 WARN  o.s.b.a.o.j.JpaBaseConfiguration$JpaWebConfiguration:258 - spring.jpa.open-in-view is enabled by default. Therefore, database queries may be performed during view rendering. Explicitly configure spring.jpa.open-in-view to disable this warning
2025-07-11 02:12:27.328 INFO  o.a.j.l.DirectJDKLog:168 - Starting ProtocolHandler ["http-nio-8080"]
2025-07-11 02:12:27.358 INFO  o.s.b.w.e.t.TomcatWebServer:243 - Tomcat started on port 8080 (http) with context path '/'
2025-07-11 02:12:27.376 INFO  o.s.b.StartupInfoLogger:59 - Started BackendApplication in 7.567 seconds (process running for 8.061)
2025-07-11 02:12:27.381 INFO  c.p.b.BackendApplication:15 - PrepMentor AI Backend started successfully
2025-07-11 02:12:27.645 INFO  o.a.j.l.DirectJDKLog:168 - Initializing Spring DispatcherServlet 'dispatcherServlet'
2025-07-11 02:12:27.646 INFO  o.s.w.s.FrameworkServlet:532 - Initializing Servlet 'dispatcherServlet'
2025-07-11 02:12:27.648 INFO  o.s.w.s.FrameworkServlet:554 - Completed initialization in 2 ms
2025-07-11 02:12:28.068 WARN  o.a.j.l.DirectJDKLog:168 - Creation of SecureRandom instance for session ID generation using [SHA1PRNG] took [165] milliseconds.
2025-07-11 02:12:28.897 INFO  o.s.a.AbstractOpenApiResource:410 - Init duration for springdoc-openapi is: 478 ms
